#
# There is insufficient memory for the Java Runtime Environment to continue.
# Native memory allocation (malloc) failed to allocate 1039616 bytes for Chunk::new
# Possible reasons:
#   The system is out of physical RAM or swap space
#   The process is running with CompressedOops enabled, and the Java Heap may be blocking the growth of the native heap
# Possible solutions:
#   Reduce memory load on the system
#   Increase physical memory or swap space
#   Check if swap backing store is full
#   Decrease Java heap size (-Xmx/-Xms)
#   Decrease number of Java threads
#   Decrease Java thread stack sizes (-Xss)
#   Set larger code cache with -XX:ReservedCodeCacheSize=
#   JVM is running with Unscaled Compressed Oops mode in which the Java heap is
#     placed in the first 4GB address space. The Java Heap base address is the
#     maximum limit for the native heap growth. Please use -XX:HeapBaseMinAddress
#     to set the Java Heap base and to place the Java Heap above 4GB virtual address.
# This output file may be truncated or incomplete.
#
#  Out of Memory Error (allocation.cpp:389), pid=54152, tid=0x0000000000028a7c
#
# JRE version: OpenJDK Runtime Environment (8.0_202-b03) (build 1.8.0_202-release-1483-b03)
# Java VM: OpenJDK 64-Bit Server VM (25.202-b03 mixed mode windows-amd64 compressed oops)
# Failed to write core dump. Minidumps are not enabled by default on client versions of Windows
#

---------------  T H R E A D  ---------------

Current thread (0x00000000191cf800):  JavaThread "C2 CompilerThread2" daemon [_thread_in_native, id=166524, stack(0x0000000019ca0000,0x0000000019da0000)]

Stack: [0x0000000019ca0000,0x0000000019da0000]
[error occurred during error reporting (printing stack bounds), id 0xc0000005]

Native frames: (J=compiled Java code, j=interpreted, Vv=VM code, C=native code)


Current CompileTask:
C2:   4541 4754       4       org.jetbrains.kotlin.com.intellij.lang.impl.PsiBuilderImpl::insertLeaves (88 bytes)


---------------  P R O C E S S  ---------------

Java Threads: ( => current thread )
  0x00000000191ef800 JavaThread "Service Thread" daemon [_thread_blocked, id=172556, stack(0x0000000019ea0000,0x0000000019fa0000)]
  0x00000000191d5800 JavaThread "C1 CompilerThread3" daemon [_thread_blocked, id=135260, stack(0x0000000019da0000,0x0000000019ea0000)]
=>0x00000000191cf800 JavaThread "C2 CompilerThread2" daemon [_thread_in_native, id=166524, stack(0x0000000019ca0000,0x0000000019da0000)]
  0x00000000191cd000 JavaThread "C2 CompilerThread1" daemon [_thread_in_native, id=104508, stack(0x0000000019ba0000,0x0000000019ca0000)]
  0x00000000191ca800 JavaThread "C2 CompilerThread0" daemon [_thread_in_native, id=58580, stack(0x0000000019aa0000,0x0000000019ba0000)]
  0x00000000191c8800 JavaThread "Attach Listener" daemon [_thread_blocked, id=66440, stack(0x00000000199a0000,0x0000000019aa0000)]
  0x00000000191c7000 JavaThread "Signal Dispatcher" daemon [_thread_blocked, id=137292, stack(0x00000000198a0000,0x00000000199a0000)]
  0x00000000191b0800 JavaThread "Finalizer" daemon [_thread_blocked, id=162264, stack(0x0000000019690000,0x0000000019790000)]
  0x00000000173bc000 JavaThread "Reference Handler" daemon [_thread_blocked, id=170108, stack(0x0000000019590000,0x0000000019690000)]
  0x000000000251d800 JavaThread "main" [_thread_in_Java, id=47084, stack(0x0000000002390000,0x0000000002490000)]

Other Threads:
  0x00000000173b6800 VMThread [stack: 0x0000000019090000,0x0000000019190000] [id=149412]
  0x00000000191f0000 WatcherThread [stack: 0x0000000019fa0000,0x000000001a0a0000] [id=28708]

VM state:not at safepoint (normal execution)

VM Mutex/Monitor currently owned by a thread: None

heap address: 0x0000000084e00000, size: 1970 MB, Compressed Oops mode: 32-bit
Narrow klass base: 0x0000000000000000, Narrow klass shift: 3
Compressed class space size: 1073741824 Address: 0x0000000100000000

Heap:
 PSYoungGen      total 132096K, used 96590K [0x00000000d6f80000, 0x00000000e0e80000, 0x0000000100000000)
  eden space 126976K, 76% used [0x00000000d6f80000,0x00000000dcdd38c0,0x00000000deb80000)
  from space 5120K, 0% used [0x00000000deb80000,0x00000000deb80000,0x00000000df080000)
  to   space 16896K, 0% used [0x00000000dfe00000,0x00000000dfe00000,0x00000000e0e80000)
 ParOldGen       total 115712K, used 21195K [0x0000000084e00000, 0x000000008bf00000, 0x00000000d6f80000)
  object space 115712K, 18% used [0x0000000084e00000,0x00000000862b2c70,0x000000008bf00000)
 Metaspace       used 42144K, capacity 42871K, committed 43056K, reserved 1087488K
  class space    used 5192K, capacity 5378K, committed 5424K, reserved 1048576K

Card table byte_map: [0x00000000119e0000,0x0000000011dc0000] byte_map_base: 0x00000000115b9000

Marking Bits: (ParMarkBitMap*) 0x000000006b199f30
 Begin Bits: [0x0000000012860000, 0x0000000014728000)
 End Bits:   [0x0000000014728000, 0x00000000165f0000)

Polling page: 0x00000000001f0000

CodeCache: size=245760Kb used=14193Kb max_used=15295Kb free=231566Kb
 bounds [0x0000000002620000, 0x0000000003520000, 0x0000000011620000]
 total_blobs=5029 nmethods=4571 adapters=369
 compilation: enabled

Compilation events (10 events):
Event: 4.511 Thread 0x00000000191d5800 4889       3       org.jetbrains.kotlin.serialization.deserialization.descriptors.DeserializedMemberScope::getFunctionNamesLazy (17 bytes)
Event: 4.511 Thread 0x00000000191d5800 nmethod 4889 0x0000000002b55f50 code [0x0000000002b56100, 0x0000000002b56668]
Event: 4.511 Thread 0x00000000191d5800 4892       1       gnu.trove.TObjectHashIterator::objectAtIndex (10 bytes)
Event: 4.512 Thread 0x00000000191d5800 nmethod 4892 0x0000000002aeead0 code [0x0000000002aeec20, 0x0000000002aeed50]
Event: 4.512 Thread 0x00000000191d5800 4891       3       org.jetbrains.kotlin.resolve.lazy.LazyImportResolver::getImportScope (34 bytes)
Event: 4.512 Thread 0x00000000191d5800 nmethod 4891 0x0000000002adf010 code [0x0000000002adf1a0, 0x0000000002adf5f8]
Event: 4.515 Thread 0x00000000191d5800 4893       3       org.jetbrains.kotlin.resolve.lazy.LazyImportScope::isClassifierVisible (122 bytes)
Event: 4.516 Thread 0x00000000191d5800 nmethod 4893 0x0000000002854c10 code [0x0000000002854e40, 0x0000000002855b18]
Event: 4.516 Thread 0x00000000191d5800 4894       3       org.jetbrains.kotlin.load.java.lazy.descriptors.JvmPackageScope::recordLookup (35 bytes)
Event: 4.517 Thread 0x00000000191d5800 nmethod 4894 0x0000000002867d90 code [0x0000000002867f40, 0x00000000028683c8]

GC Heap History (10 events):
Event: 1.335 GC heap before
{Heap before GC invocations=3 (full 0):
 PSYoungGen      total 68608K, used 25764K [0x00000000d6f80000, 0x00000000db780000, 0x0000000100000000)
  eden space 63488K, 32% used [0x00000000d6f80000,0x00000000d83ae8c0,0x00000000dad80000)
  from space 5120K, 99% used [0x00000000db280000,0x00000000db77a790,0x00000000db780000)
  to   space 5120K, 0% used [0x00000000dad80000,0x00000000dad80000,0x00000000db280000)
 ParOldGen       total 84992K, used 7240K [0x0000000084e00000, 0x000000008a100000, 0x00000000d6f80000)
  object space 84992K, 8% used [0x0000000084e00000,0x0000000085512048,0x000000008a100000)
 Metaspace       used 20743K, capacity 21162K, committed 21296K, reserved 1069056K
  class space    used 2461K, capacity 2589K, committed 2608K, reserved 1048576K
Event: 1.343 GC heap after
Heap after GC invocations=3 (full 0):
 PSYoungGen      total 68608K, used 5110K [0x00000000d6f80000, 0x00000000df580000, 0x0000000100000000)
  eden space 63488K, 0% used [0x00000000d6f80000,0x00000000d6f80000,0x00000000dad80000)
  from space 5120K, 99% used [0x00000000dad80000,0x00000000db27db18,0x00000000db280000)
  to   space 5120K, 0% used [0x00000000df080000,0x00000000df080000,0x00000000df580000)
 ParOldGen       total 84992K, used 11780K [0x0000000084e00000, 0x000000008a100000, 0x00000000d6f80000)
  object space 84992K, 13% used [0x0000000084e00000,0x00000000859810a0,0x000000008a100000)
 Metaspace       used 20743K, capacity 21162K, committed 21296K, reserved 1069056K
  class space    used 2461K, capacity 2589K, committed 2608K, reserved 1048576K
}
Event: 1.343 GC heap before
{Heap before GC invocations=4 (full 1):
 PSYoungGen      total 68608K, used 5110K [0x00000000d6f80000, 0x00000000df580000, 0x0000000100000000)
  eden space 63488K, 0% used [0x00000000d6f80000,0x00000000d6f80000,0x00000000dad80000)
  from space 5120K, 99% used [0x00000000dad80000,0x00000000db27db18,0x00000000db280000)
  to   space 5120K, 0% used [0x00000000df080000,0x00000000df080000,0x00000000df580000)
 ParOldGen       total 84992K, used 11780K [0x0000000084e00000, 0x000000008a100000, 0x00000000d6f80000)
  object space 84992K, 13% used [0x0000000084e00000,0x00000000859810a0,0x000000008a100000)
 Metaspace       used 20743K, capacity 21162K, committed 21296K, reserved 1069056K
  class space    used 2461K, capacity 2589K, committed 2608K, reserved 1048576K
Event: 1.375 GC heap after
Heap after GC invocations=4 (full 1):
 PSYoungGen      total 68608K, used 0K [0x00000000d6f80000, 0x00000000df580000, 0x0000000100000000)
  eden space 63488K, 0% used [0x00000000d6f80000,0x00000000d6f80000,0x00000000dad80000)
  from space 5120K, 0% used [0x00000000dad80000,0x00000000dad80000,0x00000000db280000)
  to   space 5120K, 0% used [0x00000000df080000,0x00000000df080000,0x00000000df580000)
 ParOldGen       total 65024K, used 9445K [0x0000000084e00000, 0x0000000088d80000, 0x00000000d6f80000)
  object space 65024K, 14% used [0x0000000084e00000,0x00000000857395e8,0x0000000088d80000)
 Metaspace       used 20743K, capacity 21162K, committed 21296K, reserved 1069056K
  class space    used 2461K, capacity 2589K, committed 2608K, reserved 1048576K
}
Event: 2.318 GC heap before
{Heap before GC invocations=5 (full 1):
 PSYoungGen      total 68608K, used 63488K [0x00000000d6f80000, 0x00000000df580000, 0x0000000100000000)
  eden space 63488K, 100% used [0x00000000d6f80000,0x00000000dad80000,0x00000000dad80000)
  from space 5120K, 0% used [0x00000000dad80000,0x00000000dad80000,0x00000000db280000)
  to   space 5120K, 0% used [0x00000000df080000,0x00000000df080000,0x00000000df580000)
 ParOldGen       total 65024K, used 9445K [0x0000000084e00000, 0x0000000088d80000, 0x00000000d6f80000)
  object space 65024K, 14% used [0x0000000084e00000,0x00000000857395e8,0x0000000088d80000)
 Metaspace       used 28865K, capacity 29313K, committed 29616K, reserved 1075200K
  class space    used 3508K, capacity 3666K, committed 3760K, reserved 1048576K
Event: 2.331 GC heap after
Heap after GC invocations=5 (full 1):
 PSYoungGen      total 95744K, used 5090K [0x00000000d6f80000, 0x00000000df580000, 0x0000000100000000)
  eden space 90624K, 0% used [0x00000000d6f80000,0x00000000d6f80000,0x00000000dc800000)
  from space 5120K, 99% used [0x00000000df080000,0x00000000df578918,0x00000000df580000)
  to   space 5120K, 0% used [0x00000000deb80000,0x00000000deb80000,0x00000000df080000)
 ParOldGen       total 65024K, used 19675K [0x0000000084e00000, 0x0000000088d80000, 0x00000000d6f80000)
  object space 65024K, 30% used [0x0000000084e00000,0x0000000086136ef0,0x0000000088d80000)
 Metaspace       used 28865K, capacity 29313K, committed 29616K, reserved 1075200K
  class space    used 3508K, capacity 3666K, committed 3760K, reserved 1048576K
}
Event: 2.955 GC heap before
{Heap before GC invocations=6 (full 1):
 PSYoungGen      total 95744K, used 41587K [0x00000000d6f80000, 0x00000000df580000, 0x0000000100000000)
  eden space 90624K, 40% used [0x00000000d6f80000,0x00000000d9324610,0x00000000dc800000)
  from space 5120K, 99% used [0x00000000df080000,0x00000000df578918,0x00000000df580000)
  to   space 5120K, 0% used [0x00000000deb80000,0x00000000deb80000,0x00000000df080000)
 ParOldGen       total 65024K, used 19675K [0x0000000084e00000, 0x0000000088d80000, 0x00000000d6f80000)
  object space 65024K, 30% used [0x0000000084e00000,0x0000000086136ef0,0x0000000088d80000)
 Metaspace       used 34754K, capacity 35247K, committed 35496K, reserved 1081344K
  class space    used 4402K, capacity 4582K, committed 4656K, reserved 1048576K
Event: 2.966 GC heap after
Heap after GC invocations=6 (full 1):
 PSYoungGen      total 132096K, used 5099K [0x00000000d6f80000, 0x00000000e0e80000, 0x0000000100000000)
  eden space 126976K, 0% used [0x00000000d6f80000,0x00000000d6f80000,0x00000000deb80000)
  from space 5120K, 99% used [0x00000000deb80000,0x00000000df07ad90,0x00000000df080000)
  to   space 16896K, 0% used [0x00000000dfe00000,0x00000000dfe00000,0x00000000e0e80000)
 ParOldGen       total 65024K, used 28139K [0x0000000084e00000, 0x0000000088d80000, 0x00000000d6f80000)
  object space 65024K, 43% used [0x0000000084e00000,0x000000008697ace8,0x0000000088d80000)
 Metaspace       used 34754K, capacity 35247K, committed 35496K, reserved 1081344K
  class space    used 4402K, capacity 4582K, committed 4656K, reserved 1048576K
}
Event: 2.966 GC heap before
{Heap before GC invocations=7 (full 2):
 PSYoungGen      total 132096K, used 5099K [0x00000000d6f80000, 0x00000000e0e80000, 0x0000000100000000)
  eden space 126976K, 0% used [0x00000000d6f80000,0x00000000d6f80000,0x00000000deb80000)
  from space 5120K, 99% used [0x00000000deb80000,0x00000000df07ad90,0x00000000df080000)
  to   space 16896K, 0% used [0x00000000dfe00000,0x00000000dfe00000,0x00000000e0e80000)
 ParOldGen       total 65024K, used 28139K [0x0000000084e00000, 0x0000000088d80000, 0x00000000d6f80000)
  object space 65024K, 43% used [0x0000000084e00000,0x000000008697ace8,0x0000000088d80000)
 Metaspace       used 34754K, capacity 35247K, committed 35496K, reserved 1081344K
  class space    used 4402K, capacity 4582K, committed 4656K, reserved 1048576K
Event: 3.038 GC heap after
Heap after GC invocations=7 (full 2):
 PSYoungGen      total 132096K, used 0K [0x00000000d6f80000, 0x00000000e0e80000, 0x0000000100000000)
  eden space 126976K, 0% used [0x00000000d6f80000,0x00000000d6f80000,0x00000000deb80000)
  from space 5120K, 0% used [0x00000000deb80000,0x00000000deb80000,0x00000000df080000)
  to   space 16896K, 0% used [0x00000000dfe00000,0x00000000dfe00000,0x00000000e0e80000)
 ParOldGen       total 115712K, used 21195K [0x0000000084e00000, 0x000000008bf00000, 0x00000000d6f80000)
  object space 115712K, 18% used [0x0000000084e00000,0x00000000862b2c70,0x000000008bf00000)
 Metaspace       used 34754K, capacity 35247K, committed 35496K, reserved 1081344K
  class space    used 4402K, capacity 4582K, committed 4656K, reserved 1048576K
}

Deoptimization events (10 events):
Event: 4.186 Thread 0x000000000251d800 Uncommon trap: reason=class_check action=maybe_recompile pc=0x00000000033537cc method=org.jetbrains.kotlin.storage.LockBasedStorageManager$LockBasedLazyValue.invoke()Ljava/lang/Object; @ 24
Event: 4.186 Thread 0x000000000251d800 Uncommon trap: reason=class_check action=maybe_recompile pc=0x0000000003224500 method=org.jetbrains.kotlin.storage.LockBasedStorageManager$LockBasedLazyValue.invoke()Ljava/lang/Object; @ 24
Event: 4.388 Thread 0x000000000251d800 Uncommon trap: reason=class_check action=maybe_recompile pc=0x0000000002edacc4 method=org.jetbrains.kotlin.com.intellij.psi.impl.source.tree.TreeElement.rawRemoveUpToWithoutNotifications(Lorg/jetbrains/kotlin/com/intellij/psi/impl/source/tree/TreeElement;
Event: 4.391 Thread 0x000000000251d800 Uncommon trap: reason=unstable_if action=reinterpret pc=0x000000000338f2a0 method=gnu.trove.THash.postInsertHook(Z)V @ 49
Event: 4.441 Thread 0x000000000251d800 Uncommon trap: reason=class_check action=maybe_recompile pc=0x0000000002f5f528 method=org.jetbrains.kotlin.com.intellij.lang.impl.PsiBuilderImpl.getTokenText()Ljava/lang/String; @ 53
Event: 4.442 Thread 0x000000000251d800 Uncommon trap: reason=class_check action=maybe_recompile pc=0x0000000002f5f528 method=org.jetbrains.kotlin.com.intellij.lang.impl.PsiBuilderImpl.getTokenText()Ljava/lang/String; @ 53
Event: 4.442 Thread 0x000000000251d800 Uncommon trap: reason=class_check action=maybe_recompile pc=0x0000000002f5f528 method=org.jetbrains.kotlin.com.intellij.lang.impl.PsiBuilderImpl.getTokenText()Ljava/lang/String; @ 53
Event: 4.442 Thread 0x000000000251d800 Uncommon trap: reason=class_check action=maybe_recompile pc=0x0000000002f5f528 method=org.jetbrains.kotlin.com.intellij.lang.impl.PsiBuilderImpl.getTokenText()Ljava/lang/String; @ 53
Event: 4.445 Thread 0x000000000251d800 Uncommon trap: reason=class_check action=maybe_recompile pc=0x0000000002edacc4 method=org.jetbrains.kotlin.com.intellij.psi.impl.source.tree.TreeElement.rawRemoveUpToWithoutNotifications(Lorg/jetbrains/kotlin/com/intellij/psi/impl/source/tree/TreeElement;
Event: 4.465 Thread 0x000000000251d800 Uncommon trap: reason=bimorphic action=maybe_recompile pc=0x00000000034c57ec method=org.jetbrains.org.objectweb.asm.ClassReader.readElementValue(Lorg/jetbrains/org/objectweb/asm/AnnotationVisitor;ILjava/lang/String;[C)I @ 514

Classes redefined (0 events):
No events

Internal exceptions (10 events):
Event: 1.325 Thread 0x000000000251d800 Exception <a 'java/lang/NoSuchMethodError': java.lang.Object.lambda$static$0(I)[Lorg/jetbrains/kotlin/com/intellij/psi/PsiElement;> (0x00000000d82fbf68) thrown at [D:\src\AOSP-openjdk-cygwin\jdk8u\hotspot\src\share\vm\interpreter\linkResolver.cpp, line 62
Event: 2.122 Thread 0x000000000251d800 Implicit null exception at 0x0000000002c209ba to 0x0000000002c20c21
Event: 2.140 Thread 0x000000000251d800 Exception <a 'java/lang/ArrayIndexOutOfBoundsException': 126> (0x00000000da034678) thrown at [D:\src\AOSP-openjdk-cygwin\jdk8u\hotspot\src\share\vm\interpreter\interpreterRuntime.cpp, line 368]
Event: 2.141 Thread 0x000000000251d800 Exception <a 'java/lang/ArrayIndexOutOfBoundsException': 86> (0x00000000da035b00) thrown at [D:\src\AOSP-openjdk-cygwin\jdk8u\hotspot\src\share\vm\interpreter\interpreterRuntime.cpp, line 368]
Event: 2.716 Thread 0x000000000251d800 Implicit null exception at 0x0000000002c271f8 to 0x0000000002c27415
Event: 2.770 Thread 0x000000000251d800 Exception <a 'java/lang/NoSuchMethodError': java.lang.Object.lambda$static$0(I)[Lorg/jetbrains/kotlin/psi/KtExpression;> (0x00000000d8af6128) thrown at [D:\src\AOSP-openjdk-cygwin\jdk8u\hotspot\src\share\vm\interpreter\linkResolver.cpp, line 620]
Event: 2.794 Thread 0x000000000251d800 Implicit null exception at 0x0000000002d95bbd to 0x0000000002d95cf5
Event: 3.155 Thread 0x000000000251d800 Exception <a 'java/lang/NoSuchMethodError': java.lang.Object.lambda$static$0(I)[Lorg/jetbrains/kotlin/psi/KtDeclaration;> (0x00000000d747fdf8) thrown at [D:\src\AOSP-openjdk-cygwin\jdk8u\hotspot\src\share\vm\interpreter\linkResolver.cpp, line 620]
Event: 3.199 Thread 0x000000000251d800 Exception <a 'java/lang/NoSuchMethodError': java.lang.Object.lambda$static$0(I)[Lorg/jetbrains/kotlin/psi/KtTypeElement;> (0x00000000d7611d90) thrown at [D:\src\AOSP-openjdk-cygwin\jdk8u\hotspot\src\share\vm\interpreter\linkResolver.cpp, line 620]
Event: 3.931 Thread 0x000000000251d800 Exception <a 'java/lang/NoSuchMethodError': java.lang.Object.lambda$static$0(I)[Lorg/jetbrains/kotlin/com/intellij/psi/PsiClass;> (0x00000000dae76300) thrown at [D:\src\AOSP-openjdk-cygwin\jdk8u\hotspot\src\share\vm\interpreter\linkResolver.cpp, line 620]

Events (10 events):
Event: 4.524 loading class org/jetbrains/kotlin/resolve/calls/tower/NewResolutionOldInference$CandidateFactoryProviderForInvokeImpl
Event: 4.524 loading class org/jetbrains/kotlin/resolve/calls/tower/NewResolutionOldInference$CandidateFactoryProviderForInvokeImpl done
Event: 4.524 loading class org/jetbrains/kotlin/resolve/calls/tower/CandidateFactoryProviderForInvoke
Event: 4.524 loading class org/jetbrains/kotlin/resolve/calls/tower/CandidateFactoryProviderForInvoke done
Event: 4.525 loading class org/jetbrains/kotlin/resolve/calls/tower/ScopeTowerProcessorsKt$createSimpleFunctionProcessor$1
Event: 4.525 loading class org/jetbrains/kotlin/resolve/calls/tower/ScopeTowerProcessorsKt$createSimpleFunctionProcessor$1 done
Event: 4.525 loading class org/jetbrains/kotlin/resolve/calls/tower/InvokeTowerProcessor
Event: 4.525 loading class org/jetbrains/kotlin/resolve/calls/tower/InvokeTowerProcessor done
Event: 4.525 loading class org/jetbrains/kotlin/resolve/calls/tower/AbstractInvokeTowerProcessor
Event: 4.525 loading class org/jetbrains/kotlin/resolve/calls/tower/AbstractInvokeTowerProcessor done


Dynamic libraries:
0x00007ff7e5840000 - 0x00007ff7e5871000 	C:\Program Files\Android\Android Studio\jre\jre\bin\java.exe
0x00007ffdd9ca0000 - 0x00007ffdd9e90000 	C:\Windows\SYSTEM32\ntdll.dll
0x00007ffdd9300000 - 0x00007ffdd93b2000 	C:\Windows\System32\KERNEL32.DLL
0x00007ffdd7780000 - 0x00007ffdd7a23000 	C:\Windows\System32\KERNELBASE.dll
0x00007ffdd8470000 - 0x00007ffdd8513000 	C:\Windows\System32\ADVAPI32.dll
0x00007ffdd9bc0000 - 0x00007ffdd9c5e000 	C:\Windows\System32\msvcrt.dll
0x00007ffdd93c0000 - 0x00007ffdd9457000 	C:\Windows\System32\sechost.dll
0x00007ffdd8990000 - 0x00007ffdd8ab0000 	C:\Windows\System32\RPCRT4.dll
0x00007ffdd9870000 - 0x00007ffdd9a04000 	C:\Windows\System32\USER32.dll
0x00007ffdd7b80000 - 0x00007ffdd7ba1000 	C:\Windows\System32\win32u.dll
0x00007ffdd8d30000 - 0x00007ffdd8d56000 	C:\Windows\System32\GDI32.dll
0x00007ffdd7bb0000 - 0x00007ffdd7d44000 	C:\Windows\System32\gdi32full.dll
0x00007ffdd6c30000 - 0x00007ffdd6cce000 	C:\Windows\System32\msvcp_win.dll
0x00007ffdd6d30000 - 0x00007ffdd6e2a000 	C:\Windows\System32\ucrtbase.dll
0x00007ffdc9e00000 - 0x00007ffdca085000 	C:\Windows\WinSxS\amd64_microsoft.windows.common-controls_6595b64144ccf1df_6.0.18362.657_none_e6c5b579130e3898\COMCTL32.dll
0x00007ffdd94c0000 - 0x00007ffdd97f6000 	C:\Windows\System32\combase.dll
0x00007ffdd76b0000 - 0x00007ffdd7730000 	C:\Windows\System32\bcryptPrimitives.dll
0x00007ffdd8cf0000 - 0x00007ffdd8d1e000 	C:\Windows\System32\IMM32.DLL
0x000000006a8f0000 - 0x000000006a9c2000 	C:\Program Files\Android\Android Studio\jre\jre\bin\msvcr100.dll
0x000000006a9d0000 - 0x000000006b216000 	C:\Program Files\Android\Android Studio\jre\jre\bin\server\jvm.dll
0x00007ffdd8460000 - 0x00007ffdd8468000 	C:\Windows\System32\PSAPI.DLL
0x00007ffdd5680000 - 0x00007ffdd5689000 	C:\Windows\SYSTEM32\WSOCK32.dll
0x00007ffdd1de0000 - 0x00007ffdd1dea000 	C:\Windows\SYSTEM32\VERSION.dll
0x00007ffdce060000 - 0x00007ffdce084000 	C:\Windows\SYSTEM32\WINMM.dll
0x00007ffdd8c80000 - 0x00007ffdd8cef000 	C:\Windows\System32\WS2_32.dll
0x00007ffdcd970000 - 0x00007ffdcd99d000 	C:\Windows\SYSTEM32\winmmbase.dll
0x00007ffdd7660000 - 0x00007ffdd76aa000 	C:\Windows\System32\cfgmgr32.dll
0x00007ffdd14b0000 - 0x00007ffdd14bf000 	C:\Program Files\Android\Android Studio\jre\jre\bin\verify.dll
0x00007ffdd0be0000 - 0x00007ffdd0c09000 	C:\Program Files\Android\Android Studio\jre\jre\bin\java.dll
0x00007ffdd0ba0000 - 0x00007ffdd0bb6000 	C:\Program Files\Android\Android Studio\jre\jre\bin\zip.dll
0x00007ffdd7d50000 - 0x00007ffdd8435000 	C:\Windows\System32\SHELL32.dll
0x00007ffdd8d60000 - 0x00007ffdd8e09000 	C:\Windows\System32\shcore.dll
0x00007ffdd6ee0000 - 0x00007ffdd765f000 	C:\Windows\System32\windows.storage.dll
0x00007ffdd6c10000 - 0x00007ffdd6c2f000 	C:\Windows\System32\profapi.dll
0x00007ffdd6bc0000 - 0x00007ffdd6c0a000 	C:\Windows\System32\powrprof.dll
0x00007ffdd6b70000 - 0x00007ffdd6b80000 	C:\Windows\System32\UMPDC.dll
0x00007ffdd8520000 - 0x00007ffdd8572000 	C:\Windows\System32\shlwapi.dll
0x00007ffdd6b80000 - 0x00007ffdd6b91000 	C:\Windows\System32\kernel.appcore.dll
0x00007ffdd7730000 - 0x00007ffdd7747000 	C:\Windows\System32\cryptsp.dll
0x00007ffdd0980000 - 0x00007ffdd099a000 	C:\Program Files\Android\Android Studio\jre\jre\bin\net.dll
0x00007ffdd63e0000 - 0x00007ffdd6447000 	C:\Windows\system32\mswsock.dll
0x00007ffdd0210000 - 0x00007ffdd0221000 	C:\Program Files\Android\Android Studio\jre\jre\bin\nio.dll

VM Arguments:
java_command: org.jetbrains.kotlin.cli.jvm.K2JVMCompiler -Xallow-no-source-files -classpath C:\Users\PRESS\.gradle\caches\modules-2\files-2.1\org.jetbrains.kotlin\kotlin-android-extensions-runtime\1.3.61\289bdf25b4886749e040c7a7d3aab8a57f85c631\kotlin-android-extensions-runtime-1.3.61.jar;C:\Users\PRESS\.gradle\caches\transforms-2\files-2.1\3610143a0983b8e3096f6361febd3093\materialdrawer-kt-2.0.1-api.jar;C:\Users\PRESS\.gradle\caches\transforms-2\files-2.1\a53f0799ba47008669cdd799c80eea58\jetified-android-fab-2.3.1-api.jar;C:\Users\PRESS\.gradle\caches\transforms-2\files-2.1\ade633027182326e1b52690b51210823\splitties-alertdialog-appcompat-coroutines-3.0.0-alpha06-api.jar;C:\Users\PRESS\.gradle\caches\transforms-2\files-2.1\0aa3e644d8d77cdf8a50ef034f96df66\splitties-alertdialog-appcompat-3.0.0-alpha06-api.jar;C:\Users\PRESS\.gradle\caches\modules-2\files-2.1\com.louiscad.splitties\splitties-experimental\3.0.0-alpha06\b80680ca318c221a9d19bb65d6e62ec86e05301e\splitties-experimental-3.0.0-alpha06.jar;C:\Users\PRESS\.gradle\caches\modules-2\files-2.1\org.jetbrains.kotlin\kotlin-stdlib-jdk7\1.3.61\70dffc5f8ac5ea7c34f30deac5b9d8b1d48af066\kotlin-stdlib-jdk7-1.3.61.jar;C:\Users\PRESS\.gradle\caches\transforms-2\files-2.1\2718eb8fe0ce543a203c3407e1a802bb\core-ktx-1.1.0-api.jar;C:\Users\PRESS\.gradle\caches\transforms-2\files-2.1\0dfc7a3c36880f26360704fa064fa306\anko-0.10.8-api.jar;C:\Users\PRESS\.gradle\caches\transforms-2\files-2.1\cfa07eba102816c84753ec8f322bb124\anko-coroutines-0.10.8-api.jar;C:\Users\PRESS\.gradle\caches\transforms-2\files-2.1\b369d2888e923690cbb6f1826db56fa3\anko-sdk27-coroutines-0.10.8-api.jar;C:\Users\PRESS\.gradle\caches\transforms-2\files-2.1\fe999307503eec54b2d3b80d65297e95\jetified-anko-appcompat-v7-coroutines-0.10.8-api.jar;C:\Users\PRESS\.gradle\caches\transforms-2\files-2.1\06c99e87e8c1fdbe31c466d59e8832a9\jetified-kotlinx-coroutines-android-1.3.2.jar;C:\Users\PRESS\.gradle\caches\modules-2\files-2.1\org.jetbrains.kotlinx\kotlinx-coroutines-c
java_class_path (initial): C:\Users\PRESS\.gradle\caches\modules-2\files-2.1\org.jetbrains.kotlin\kotlin-compiler-embeddable\1.3.61\c35c0833d5a1e3d229359758482c480306724618\kotlin-compiler-embeddable-1.3.61.jar;C:\Users\PRESS\.gradle\caches\modules-2\files-2.1\org.jetbrains.kotlin\kotlin-reflect\1.3.61\2e07c9a84c9e118efb70eede7e579fd663932122\kotlin-reflect-1.3.61.jar;C:\Users\PRESS\.gradle\caches\modules-2\files-2.1\org.jetbrains.kotlin\kotlin-stdlib\1.3.61\4702105e97f7396ae41b113fdbdc180ec1eb1e36\kotlin-stdlib-1.3.61.jar;C:\Users\PRESS\.gradle\caches\modules-2\files-2.1\org.jetbrains.kotlin\kotlin-script-runtime\1.3.61\e5feb39c8de63dcbdc1154b34ca4413874231605\kotlin-script-runtime-1.3.61.jar;C:\Users\PRESS\.gradle\caches\modules-2\files-2.1\org.jetbrains.kotlin\kotlin-daemon-embeddable\1.3.61\4de83e41a92c8395d89ab2e81d26b788ba163824\kotlin-daemon-embeddable-1.3.61.jar;C:\Users\PRESS\.gradle\caches\modules-2\files-2.1\org.jetbrains.intellij.deps\trove4j\1.0.20181211\216c2e14b070f334479d800987affe4054cd563f\trove4j-1.0.20181211.jar;C:\Users\PRESS\.gradle\caches\modules-2\files-2.1\org.jetbrains.kotlin\kotlin-stdlib-common\1.3.61\65abb71d5afb850b68be03987b08e2c864ca3110\kotlin-stdlib-common-1.3.61.jar;C:\Users\PRESS\.gradle\caches\modules-2\files-2.1\org.jetbrains\annotations\13.0\919f0dfe192fb4e063e7dacadee7f8bb9a2672a9\annotations-13.0.jar;C:\Program Files\Android\Android Studio\jre\lib\tools.jar
Launcher Type: SUN_STANDARD

Environment Variables:
PATH=C:\Windows\system32;C:\Windows;C:\Windows\System32\Wbem;C:\Windows\System32\WindowsPowerShell\v1.0\;C:\Windows\System32\OpenSSH\;C:\Users\PRESS\AppData\Local\Microsoft\WindowsApps;
USERNAME=PRESS
OS=Windows_NT
PROCESSOR_IDENTIFIER=Intel64 Family 6 Model 94 Stepping 3, GenuineIntel



---------------  S Y S T E M  ---------------

OS: Windows 10.0 , 64 bit Build 18362 (10.0.18362.329)

CPU:total 8 (initial active 8) (4 cores per cpu, 2 threads per core) family 6 model 94 stepping 3, cmov, cx8, fxsr, mmx, sse, sse2, sse3, ssse3, sse4.1, sse4.2, popcnt, avx, avx2, aes, clmul, erms, rtm, 3dnowpref, lzcnt, ht, tsc, tscinvbit, bmi1, bmi2, adx

Memory: 4k page, physical 8067228k(1150896k free), swap 10164380k(5256k free)

vm_info: OpenJDK 64-Bit Server VM (25.202-b03) for windows-amd64 JRE (1.8.0_202-release-1483-b03), built by "builder" with MS VC++ 10.0 (VS2010)

time: Sun Feb 16 21:28:03 2020
timezone: RTZ 2 (зима)
elapsed time: 4 seconds (0d 0h 0m 4s)

