#
# There is insufficient memory for the Java Runtime Environment to continue.
# Native memory allocation (malloc) failed to allocate 835376 bytes for Chunk::new
# Possible reasons:
#   The system is out of physical RAM or swap space
#   The process is running with CompressedOops enabled, and the Java Heap may be blocking the growth of the native heap
# Possible solutions:
#   Reduce memory load on the system
#   Increase physical memory or swap space
#   Check if swap backing store is full
#   Decrease Java heap size (-Xmx/-Xms)
#   Decrease number of Java threads
#   Decrease Java thread stack sizes (-Xss)
#   Set larger code cache with -XX:ReservedCodeCacheSize=
#   JVM is running with Unscaled Compressed Oops mode in which the Java heap is
#     placed in the first 4GB address space. The Java Heap base address is the
#     maximum limit for the native heap growth. Please use -XX:HeapBaseMinAddress
#     to set the Java Heap base and to place the Java Heap above 4GB virtual address.
# This output file may be truncated or incomplete.
#
#  Out of Memory Error (allocation.cpp:389), pid=9752, tid=0x000000000001c374
#
# JRE version: OpenJDK Runtime Environment (8.0_202-b03) (build 1.8.0_202-release-1483-b03)
# Java VM: OpenJDK 64-Bit Server VM (25.202-b03 mixed mode windows-amd64 compressed oops)
# Failed to write core dump. Minidumps are not enabled by default on client versions of Windows
#

---------------  T H R E A D  ---------------

Current thread (0x000000001951e000):  JavaThread "C2 CompilerThread1" daemon [_thread_in_native, id=115572, stack(0x0000000019ef0000,0x0000000019ff0000)]

Stack: [0x0000000019ef0000,0x0000000019ff0000]
[error occurred during error reporting (printing stack bounds), id 0xc0000005]

Native frames: (J=compiled Java code, j=interpreted, Vv=VM code, C=native code)


Current CompileTask:
C2:   4634 4840       4       org.jetbrains.kotlin.parsing.AbstractKotlinParsing::atSet (113 bytes)


---------------  P R O C E S S  ---------------

Java Threads: ( => current thread )
  0x00000000195bb800 JavaThread "Service Thread" daemon [_thread_blocked, id=20400, stack(0x000000001a1f0000,0x000000001a2f0000)]
  0x0000000019528800 JavaThread "C1 CompilerThread3" daemon [_thread_blocked, id=72276, stack(0x000000001a0f0000,0x000000001a1f0000)]
  0x0000000019521000 JavaThread "C2 CompilerThread2" daemon [_thread_in_native, id=119708, stack(0x0000000019ff0000,0x000000001a0f0000)]
=>0x000000001951e000 JavaThread "C2 CompilerThread1" daemon [_thread_in_native, id=115572, stack(0x0000000019ef0000,0x0000000019ff0000)]
  0x000000001951c000 JavaThread "C2 CompilerThread0" daemon [_thread_in_native, id=136492, stack(0x0000000019df0000,0x0000000019ef0000)]
  0x000000001951a000 JavaThread "Attach Listener" daemon [_thread_blocked, id=164844, stack(0x0000000019cf0000,0x0000000019df0000)]
  0x0000000019517800 JavaThread "Signal Dispatcher" daemon [_thread_blocked, id=155920, stack(0x0000000019bf0000,0x0000000019cf0000)]
  0x0000000019501000 JavaThread "Finalizer" daemon [_thread_blocked, id=155028, stack(0x00000000199e0000,0x0000000019ae0000)]
  0x000000001771d000 JavaThread "Reference Handler" daemon [_thread_blocked, id=63992, stack(0x00000000198e0000,0x00000000199e0000)]
  0x000000000276d800 JavaThread "main" [_thread_in_vm, id=118516, stack(0x0000000002780000,0x0000000002880000)]

Other Threads:
  0x0000000017716800 VMThread [stack: 0x00000000193e0000,0x00000000194e0000] [id=123724]
  0x0000000019543800 WatcherThread [stack: 0x000000001a2f0000,0x000000001a3f0000] [id=109668]

VM state:not at safepoint (normal execution)

VM Mutex/Monitor currently owned by a thread: None

heap address: 0x0000000084e00000, size: 1970 MB, Compressed Oops mode: 32-bit
Narrow klass base: 0x0000000000000000, Narrow klass shift: 3
Compressed class space size: 1073741824 Address: 0x0000000100000000

Heap:
 PSYoungGen      total 132096K, used 100574K [0x00000000d6f80000, 0x00000000e1480000, 0x0000000100000000)
  eden space 126976K, 79% used [0x00000000d6f80000,0x00000000dd1b79a0,0x00000000deb80000)
  from space 5120K, 0% used [0x00000000deb80000,0x00000000deb80000,0x00000000df080000)
  to   space 16896K, 0% used [0x00000000e0400000,0x00000000e0400000,0x00000000e1480000)
 ParOldGen       total 112128K, used 21155K [0x0000000084e00000, 0x000000008bb80000, 0x00000000d6f80000)
  object space 112128K, 18% used [0x0000000084e00000,0x00000000862a8eb8,0x000000008bb80000)
 Metaspace       used 42036K, capacity 42803K, committed 43056K, reserved 1087488K
  class space    used 5181K, capacity 5378K, committed 5424K, reserved 1048576K

Card table byte_map: [0x0000000011d40000,0x0000000012120000] byte_map_base: 0x0000000011919000

Marking Bits: (ParMarkBitMap*) 0x000000006b199f30
 Begin Bits: [0x0000000012bc0000, 0x0000000014a88000)
 End Bits:   [0x0000000014a88000, 0x0000000016950000)

Polling page: 0x0000000000960000

CodeCache: size=245760Kb used=15323Kb max_used=15323Kb free=230436Kb
 bounds [0x0000000002980000, 0x0000000003890000, 0x0000000011980000]
 total_blobs=5313 nmethods=4854 adapters=369
 compilation: enabled

Compilation events (10 events):
Event: 4.614 Thread 0x0000000019528800 4897       3       org.jetbrains.kotlin.serialization.deserialization.descriptors.DeserializedMemberScope::getFunctionNames (5 bytes)
Event: 4.615 Thread 0x0000000019528800 nmethod 4897 0x0000000003882390 code [0x0000000003882560, 0x0000000003882b28]
Event: 4.617 Thread 0x0000000019528800 4901       3       org.jetbrains.kotlin.resolve.lazy.LazyImportScope::isClassifierVisible (122 bytes)
Event: 4.618 Thread 0x0000000019528800 nmethod 4901 0x0000000003882e50 code [0x0000000003883080, 0x0000000003883d58]
Event: 4.628 Thread 0x0000000019528800 4902       1       org.jetbrains.kotlin.load.java.lazy.descriptors.LazyJavaClassDescriptor::isExpect (2 bytes)
Event: 4.628 Thread 0x0000000019528800 nmethod 4902 0x0000000003884110 code [0x0000000003884260, 0x0000000003884370]
Event: 4.628 Thread 0x0000000019528800 4903       3       org.jetbrains.kotlin.load.java.structure.impl.classFiles.PlainJavaClassifierType::isRaw (89 bytes)
Event: 4.629 Thread 0x0000000019528800 nmethod 4903 0x00000000038843d0 code [0x00000000038845c0, 0x00000000038850d8]
Event: 4.629 Thread 0x0000000019528800 4904       3       org.jetbrains.kotlin.load.java.lazy.LazyJavaAnnotationsKt::resolveAnnotations (25 bytes)
Event: 4.629 Thread 0x0000000019528800 nmethod 4904 0x00000000038853d0 code [0x0000000003885560, 0x00000000038858c8]

GC Heap History (10 events):
Event: 1.263 GC heap before
{Heap before GC invocations=3 (full 0):
 PSYoungGen      total 68608K, used 25842K [0x00000000d6f80000, 0x00000000db780000, 0x0000000100000000)
  eden space 63488K, 32% used [0x00000000d6f80000,0x00000000d83bfe60,0x00000000dad80000)
  from space 5120K, 99% used [0x00000000db280000,0x00000000db77cb08,0x00000000db780000)
  to   space 5120K, 0% used [0x00000000dad80000,0x00000000dad80000,0x00000000db280000)
 ParOldGen       total 84992K, used 7252K [0x0000000084e00000, 0x000000008a100000, 0x00000000d6f80000)
  object space 84992K, 8% used [0x0000000084e00000,0x00000000855151d8,0x000000008a100000)
 Metaspace       used 20720K, capacity 21162K, committed 21296K, reserved 1069056K
  class space    used 2461K, capacity 2589K, committed 2608K, reserved 1048576K
Event: 1.272 GC heap after
Heap after GC invocations=3 (full 0):
 PSYoungGen      total 68608K, used 5094K [0x00000000d6f80000, 0x00000000df580000, 0x0000000100000000)
  eden space 63488K, 0% used [0x00000000d6f80000,0x00000000d6f80000,0x00000000dad80000)
  from space 5120K, 99% used [0x00000000dad80000,0x00000000db279b18,0x00000000db280000)
  to   space 5120K, 0% used [0x00000000df080000,0x00000000df080000,0x00000000df580000)
 ParOldGen       total 84992K, used 11800K [0x0000000084e00000, 0x000000008a100000, 0x00000000d6f80000)
  object space 84992K, 13% used [0x0000000084e00000,0x0000000085986050,0x000000008a100000)
 Metaspace       used 20720K, capacity 21162K, committed 21296K, reserved 1069056K
  class space    used 2461K, capacity 2589K, committed 2608K, reserved 1048576K
}
Event: 1.272 GC heap before
{Heap before GC invocations=4 (full 1):
 PSYoungGen      total 68608K, used 5094K [0x00000000d6f80000, 0x00000000df580000, 0x0000000100000000)
  eden space 63488K, 0% used [0x00000000d6f80000,0x00000000d6f80000,0x00000000dad80000)
  from space 5120K, 99% used [0x00000000dad80000,0x00000000db279b18,0x00000000db280000)
  to   space 5120K, 0% used [0x00000000df080000,0x00000000df080000,0x00000000df580000)
 ParOldGen       total 84992K, used 11800K [0x0000000084e00000, 0x000000008a100000, 0x00000000d6f80000)
  object space 84992K, 13% used [0x0000000084e00000,0x0000000085986050,0x000000008a100000)
 Metaspace       used 20720K, capacity 21162K, committed 21296K, reserved 1069056K
  class space    used 2461K, capacity 2589K, committed 2608K, reserved 1048576K
Event: 1.301 GC heap after
Heap after GC invocations=4 (full 1):
 PSYoungGen      total 68608K, used 0K [0x00000000d6f80000, 0x00000000df580000, 0x0000000100000000)
  eden space 63488K, 0% used [0x00000000d6f80000,0x00000000d6f80000,0x00000000dad80000)
  from space 5120K, 0% used [0x00000000dad80000,0x00000000dad80000,0x00000000db280000)
  to   space 5120K, 0% used [0x00000000df080000,0x00000000df080000,0x00000000df580000)
 ParOldGen       total 64000K, used 9435K [0x0000000084e00000, 0x0000000088c80000, 0x00000000d6f80000)
  object space 64000K, 14% used [0x0000000084e00000,0x0000000085736f90,0x0000000088c80000)
 Metaspace       used 20720K, capacity 21162K, committed 21296K, reserved 1069056K
  class space    used 2461K, capacity 2589K, committed 2608K, reserved 1048576K
}
Event: 2.417 GC heap before
{Heap before GC invocations=5 (full 1):
 PSYoungGen      total 68608K, used 63488K [0x00000000d6f80000, 0x00000000df580000, 0x0000000100000000)
  eden space 63488K, 100% used [0x00000000d6f80000,0x00000000dad80000,0x00000000dad80000)
  from space 5120K, 0% used [0x00000000dad80000,0x00000000dad80000,0x00000000db280000)
  to   space 5120K, 0% used [0x00000000df080000,0x00000000df080000,0x00000000df580000)
 ParOldGen       total 64000K, used 9435K [0x0000000084e00000, 0x0000000088c80000, 0x00000000d6f80000)
  object space 64000K, 14% used [0x0000000084e00000,0x0000000085736f90,0x0000000088c80000)
 Metaspace       used 28914K, capacity 29347K, committed 29616K, reserved 1075200K
  class space    used 3488K, capacity 3634K, committed 3760K, reserved 1048576K
Event: 2.433 GC heap after
Heap after GC invocations=5 (full 1):
 PSYoungGen      total 97792K, used 5090K [0x00000000d6f80000, 0x00000000df580000, 0x0000000100000000)
  eden space 92672K, 0% used [0x00000000d6f80000,0x00000000d6f80000,0x00000000dca00000)
  from space 5120K, 99% used [0x00000000df080000,0x00000000df578918,0x00000000df580000)
  to   space 5120K, 0% used [0x00000000deb80000,0x00000000deb80000,0x00000000df080000)
 ParOldGen       total 64000K, used 19660K [0x0000000084e00000, 0x0000000088c80000, 0x00000000d6f80000)
  object space 64000K, 30% used [0x0000000084e00000,0x0000000086133048,0x0000000088c80000)
 Metaspace       used 28914K, capacity 29347K, committed 29616K, reserved 1075200K
  class space    used 3488K, capacity 3634K, committed 3760K, reserved 1048576K
}
Event: 3.085 GC heap before
{Heap before GC invocations=6 (full 1):
 PSYoungGen      total 97792K, used 38748K [0x00000000d6f80000, 0x00000000df580000, 0x0000000100000000)
  eden space 92672K, 36% used [0x00000000d6f80000,0x00000000d905e750,0x00000000dca00000)
  from space 5120K, 99% used [0x00000000df080000,0x00000000df578918,0x00000000df580000)
  to   space 5120K, 0% used [0x00000000deb80000,0x00000000deb80000,0x00000000df080000)
 ParOldGen       total 64000K, used 19660K [0x0000000084e00000, 0x0000000088c80000, 0x00000000d6f80000)
  object space 64000K, 30% used [0x0000000084e00000,0x0000000086133048,0x0000000088c80000)
 Metaspace       used 34755K, capacity 35243K, committed 35496K, reserved 1081344K
  class space    used 4400K, capacity 4582K, committed 4656K, reserved 1048576K
Event: 3.098 GC heap after
Heap after GC invocations=6 (full 1):
 PSYoungGen      total 132096K, used 5117K [0x00000000d6f80000, 0x00000000e1480000, 0x0000000100000000)
  eden space 126976K, 0% used [0x00000000d6f80000,0x00000000d6f80000,0x00000000deb80000)
  from space 5120K, 99% used [0x00000000deb80000,0x00000000df07f458,0x00000000df080000)
  to   space 16896K, 0% used [0x00000000e0400000,0x00000000e0400000,0x00000000e1480000)
 ParOldGen       total 64000K, used 28102K [0x0000000084e00000, 0x0000000088c80000, 0x00000000d6f80000)
  object space 64000K, 43% used [0x0000000084e00000,0x0000000086971b00,0x0000000088c80000)
 Metaspace       used 34755K, capacity 35243K, committed 35496K, reserved 1081344K
  class space    used 4400K, capacity 4582K, committed 4656K, reserved 1048576K
}
Event: 3.098 GC heap before
{Heap before GC invocations=7 (full 2):
 PSYoungGen      total 132096K, used 5117K [0x00000000d6f80000, 0x00000000e1480000, 0x0000000100000000)
  eden space 126976K, 0% used [0x00000000d6f80000,0x00000000d6f80000,0x00000000deb80000)
  from space 5120K, 99% used [0x00000000deb80000,0x00000000df07f458,0x00000000df080000)
  to   space 16896K, 0% used [0x00000000e0400000,0x00000000e0400000,0x00000000e1480000)
 ParOldGen       total 64000K, used 28102K [0x0000000084e00000, 0x0000000088c80000, 0x00000000d6f80000)
  object space 64000K, 43% used [0x0000000084e00000,0x0000000086971b00,0x0000000088c80000)
 Metaspace       used 34755K, capacity 35243K, committed 35496K, reserved 1081344K
  class space    used 4400K, capacity 4582K, committed 4656K, reserved 1048576K
Event: 3.172 GC heap after
Heap after GC invocations=7 (full 2):
 PSYoungGen      total 132096K, used 0K [0x00000000d6f80000, 0x00000000e1480000, 0x0000000100000000)
  eden space 126976K, 0% used [0x00000000d6f80000,0x00000000d6f80000,0x00000000deb80000)
  from space 5120K, 0% used [0x00000000deb80000,0x00000000deb80000,0x00000000df080000)
  to   space 16896K, 0% used [0x00000000e0400000,0x00000000e0400000,0x00000000e1480000)
 ParOldGen       total 112128K, used 21155K [0x0000000084e00000, 0x000000008bb80000, 0x00000000d6f80000)
  object space 112128K, 18% used [0x0000000084e00000,0x00000000862a8eb8,0x000000008bb80000)
 Metaspace       used 34755K, capacity 35243K, committed 35496K, reserved 1081344K
  class space    used 4400K, capacity 4582K, committed 4656K, reserved 1048576K
}

Deoptimization events (10 events):
Event: 4.269 Thread 0x000000000276d800 Uncommon trap: reason=bimorphic action=maybe_recompile pc=0x00000000035f84f0 method=org.jetbrains.kotlin.com.intellij.psi.impl.source.tree.SharedImplUtil.findFileElement(Lorg/jetbrains/kotlin/com/intellij/lang/ASTNode;)Lorg/jetbrains/kotlin/com/intellij/l
Event: 4.289 Thread 0x000000000276d800 Uncommon trap: reason=class_check action=maybe_recompile pc=0x00000000036b6d0c method=org.jetbrains.kotlin.storage.LockBasedStorageManager$LockBasedLazyValue.invoke()Ljava/lang/Object; @ 24
Event: 4.289 Thread 0x000000000276d800 Uncommon trap: reason=class_check action=maybe_recompile pc=0x00000000036b6d0c method=org.jetbrains.kotlin.storage.LockBasedStorageManager$LockBasedLazyValue.invoke()Ljava/lang/Object; @ 24
Event: 4.296 Thread 0x000000000276d800 Uncommon trap: reason=class_check action=maybe_recompile pc=0x00000000036b6d0c method=org.jetbrains.kotlin.storage.LockBasedStorageManager$LockBasedLazyValue.invoke()Ljava/lang/Object; @ 24
Event: 4.296 Thread 0x000000000276d800 Uncommon trap: reason=class_check action=maybe_recompile pc=0x00000000036b6d0c method=org.jetbrains.kotlin.storage.LockBasedStorageManager$LockBasedLazyValue.invoke()Ljava/lang/Object; @ 24
Event: 4.296 Thread 0x000000000276d800 Uncommon trap: reason=class_check action=maybe_recompile pc=0x0000000003563100 method=org.jetbrains.kotlin.storage.LockBasedStorageManager$LockBasedLazyValue.invoke()Ljava/lang/Object; @ 24
Event: 4.502 Thread 0x000000000276d800 Uncommon trap: reason=class_check action=maybe_recompile pc=0x00000000031fba30 method=org.jetbrains.kotlin.com.intellij.psi.impl.source.tree.TreeElement.rawRemoveUpToWithoutNotifications(Lorg/jetbrains/kotlin/com/intellij/psi/impl/source/tree/TreeElement;
Event: 4.505 Thread 0x000000000276d800 Uncommon trap: reason=unstable_if action=reinterpret pc=0x000000000330c608 method=gnu.trove.THash.postInsertHook(Z)V @ 49
Event: 4.545 Thread 0x000000000276d800 Uncommon trap: reason=class_check action=maybe_recompile pc=0x00000000031fba30 method=org.jetbrains.kotlin.com.intellij.psi.impl.source.tree.TreeElement.rawRemoveUpToWithoutNotifications(Lorg/jetbrains/kotlin/com/intellij/psi/impl/source/tree/TreeElement;
Event: 4.565 Thread 0x000000000276d800 Uncommon trap: reason=bimorphic action=maybe_recompile pc=0x00000000037e57e4 method=org.jetbrains.org.objectweb.asm.ClassReader.readElementValue(Lorg/jetbrains/org/objectweb/asm/AnnotationVisitor;ILjava/lang/String;[C)I @ 514

Classes redefined (0 events):
No events

Internal exceptions (10 events):
Event: 1.154 Thread 0x000000000276d800 Exception <a 'java/lang/NoSuchMethodError': java.lang.Object.lambda$static$0(I)[Lorg/jetbrains/kotlin/com/intellij/openapi/editor/event/DocumentListener;> (0x00000000d7b7acf8) thrown at [D:\src\AOSP-openjdk-cygwin\jdk8u\hotspot\src\share\vm\interpreter\li
Event: 1.180 Thread 0x000000000276d800 Exception <a 'java/lang/NoSuchMethodError': java.lang.Object.lambda$static$0(I)[Lorg/jetbrains/kotlin/com/intellij/psi/PsiAnnotation;> (0x00000000d7d7b2b0) thrown at [D:\src\AOSP-openjdk-cygwin\jdk8u\hotspot\src\share\vm\interpreter\linkResolver.cpp, line
Event: 1.254 Thread 0x000000000276d800 Exception <a 'java/lang/NoSuchMethodError': java.lang.Object.lambda$static$0(I)[Lorg/jetbrains/kotlin/com/intellij/psi/PsiElement;> (0x00000000d82f4818) thrown at [D:\src\AOSP-openjdk-cygwin\jdk8u\hotspot\src\share\vm\interpreter\linkResolver.cpp, line 62
Event: 2.241 Thread 0x000000000276d800 Exception <a 'java/lang/ArrayIndexOutOfBoundsException': 126> (0x00000000da0447e0) thrown at [D:\src\AOSP-openjdk-cygwin\jdk8u\hotspot\src\share\vm\interpreter\interpreterRuntime.cpp, line 368]
Event: 2.241 Thread 0x000000000276d800 Exception <a 'java/lang/ArrayIndexOutOfBoundsException': 86> (0x00000000da045c68) thrown at [D:\src\AOSP-openjdk-cygwin\jdk8u\hotspot\src\share\vm\interpreter\interpreterRuntime.cpp, line 368]
Event: 2.926 Thread 0x000000000276d800 Exception <a 'java/lang/NoSuchMethodError': java.lang.Object.lambda$static$0(I)[Lorg/jetbrains/kotlin/psi/KtExpression;> (0x00000000d8941288) thrown at [D:\src\AOSP-openjdk-cygwin\jdk8u\hotspot\src\share\vm\interpreter\linkResolver.cpp, line 620]
Event: 2.948 Thread 0x000000000276d800 Implicit null exception at 0x00000000030e103d to 0x00000000030e1175
Event: 3.306 Thread 0x000000000276d800 Exception <a 'java/lang/NoSuchMethodError': java.lang.Object.lambda$static$0(I)[Lorg/jetbrains/kotlin/psi/KtDeclaration;> (0x00000000d74a06b8) thrown at [D:\src\AOSP-openjdk-cygwin\jdk8u\hotspot\src\share\vm\interpreter\linkResolver.cpp, line 620]
Event: 3.344 Thread 0x000000000276d800 Exception <a 'java/lang/NoSuchMethodError': java.lang.Object.lambda$static$0(I)[Lorg/jetbrains/kotlin/psi/KtTypeElement;> (0x00000000d7632638) thrown at [D:\src\AOSP-openjdk-cygwin\jdk8u\hotspot\src\share\vm\interpreter\linkResolver.cpp, line 620]
Event: 4.061 Thread 0x000000000276d800 Exception <a 'java/lang/NoSuchMethodError': java.lang.Object.lambda$static$0(I)[Lorg/jetbrains/kotlin/com/intellij/psi/PsiClass;> (0x00000000db10f420) thrown at [D:\src\AOSP-openjdk-cygwin\jdk8u\hotspot\src\share\vm\interpreter\linkResolver.cpp, line 620]

Events (10 events):
Event: 4.627 loading class org/jetbrains/kotlin/resolve/calls/tower/MemberScopeTowerLevel$getFunctions$1
Event: 4.627 loading class org/jetbrains/kotlin/resolve/calls/tower/MemberScopeTowerLevel$getFunctions$1 done
Event: 4.627 loading class org/jetbrains/kotlin/resolve/lazy/LazyImportScope$getContributedFunctions$1
Event: 4.627 loading class org/jetbrains/kotlin/resolve/lazy/LazyImportScope$getContributedFunctions$1 done
Event: 4.629 loading class org/jetbrains/kotlin/load/java/sam/SamConversionResolverImpl$resolveFunctionTypeIfSamInterface$1
Event: 4.629 loading class org/jetbrains/kotlin/load/java/sam/SamConversionResolverImpl$resolveFunctionTypeIfSamInterface$1 done
Event: 4.630 loading class org/jetbrains/kotlin/resolve/calls/util/IsFromStdlibJre7Or8Kt
Event: 4.630 loading class org/jetbrains/kotlin/resolve/calls/util/IsFromStdlibJre7Or8Kt done
Event: 4.631 loading class org/jetbrains/kotlin/resolve/calls/tower/CandidateWithBoundDispatchReceiver
Event: 4.631 loading class org/jetbrains/kotlin/resolve/calls/tower/CandidateWithBoundDispatchReceiver done


Dynamic libraries:
0x00007ff7e5840000 - 0x00007ff7e5871000 	C:\Program Files\Android\Android Studio\jre\jre\bin\java.exe
0x00007ffdd9ca0000 - 0x00007ffdd9e90000 	C:\Windows\SYSTEM32\ntdll.dll
0x00007ffdd9300000 - 0x00007ffdd93b2000 	C:\Windows\System32\KERNEL32.DLL
0x00007ffdd7780000 - 0x00007ffdd7a23000 	C:\Windows\System32\KERNELBASE.dll
0x00007ffdd8470000 - 0x00007ffdd8513000 	C:\Windows\System32\ADVAPI32.dll
0x00007ffdd9bc0000 - 0x00007ffdd9c5e000 	C:\Windows\System32\msvcrt.dll
0x00007ffdd93c0000 - 0x00007ffdd9457000 	C:\Windows\System32\sechost.dll
0x00007ffdd8990000 - 0x00007ffdd8ab0000 	C:\Windows\System32\RPCRT4.dll
0x00007ffdd9870000 - 0x00007ffdd9a04000 	C:\Windows\System32\USER32.dll
0x00007ffdd7b80000 - 0x00007ffdd7ba1000 	C:\Windows\System32\win32u.dll
0x00007ffdd8d30000 - 0x00007ffdd8d56000 	C:\Windows\System32\GDI32.dll
0x00007ffdd7bb0000 - 0x00007ffdd7d44000 	C:\Windows\System32\gdi32full.dll
0x00007ffdd6c30000 - 0x00007ffdd6cce000 	C:\Windows\System32\msvcp_win.dll
0x00007ffdd6d30000 - 0x00007ffdd6e2a000 	C:\Windows\System32\ucrtbase.dll
0x00007ffdc9e00000 - 0x00007ffdca085000 	C:\Windows\WinSxS\amd64_microsoft.windows.common-controls_6595b64144ccf1df_6.0.18362.657_none_e6c5b579130e3898\COMCTL32.dll
0x00007ffdd94c0000 - 0x00007ffdd97f6000 	C:\Windows\System32\combase.dll
0x00007ffdd76b0000 - 0x00007ffdd7730000 	C:\Windows\System32\bcryptPrimitives.dll
0x00007ffdd8cf0000 - 0x00007ffdd8d1e000 	C:\Windows\System32\IMM32.DLL
0x000000006a8f0000 - 0x000000006a9c2000 	C:\Program Files\Android\Android Studio\jre\jre\bin\msvcr100.dll
0x000000006a9d0000 - 0x000000006b216000 	C:\Program Files\Android\Android Studio\jre\jre\bin\server\jvm.dll
0x00007ffdd8460000 - 0x00007ffdd8468000 	C:\Windows\System32\PSAPI.DLL
0x00007ffdce060000 - 0x00007ffdce084000 	C:\Windows\SYSTEM32\WINMM.dll
0x00007ffdd1de0000 - 0x00007ffdd1dea000 	C:\Windows\SYSTEM32\VERSION.dll
0x00007ffdd5680000 - 0x00007ffdd5689000 	C:\Windows\SYSTEM32\WSOCK32.dll
0x00007ffdd8c80000 - 0x00007ffdd8cef000 	C:\Windows\System32\WS2_32.dll
0x00007ffdcd970000 - 0x00007ffdcd99d000 	C:\Windows\SYSTEM32\WINMMBASE.dll
0x00007ffdd7660000 - 0x00007ffdd76aa000 	C:\Windows\System32\cfgmgr32.dll
0x00007ffdd14b0000 - 0x00007ffdd14bf000 	C:\Program Files\Android\Android Studio\jre\jre\bin\verify.dll
0x00007ffdd0be0000 - 0x00007ffdd0c09000 	C:\Program Files\Android\Android Studio\jre\jre\bin\java.dll
0x00007ffdd0ba0000 - 0x00007ffdd0bb6000 	C:\Program Files\Android\Android Studio\jre\jre\bin\zip.dll
0x00007ffdd7d50000 - 0x00007ffdd8435000 	C:\Windows\System32\SHELL32.dll
0x00007ffdd8d60000 - 0x00007ffdd8e09000 	C:\Windows\System32\shcore.dll
0x00007ffdd6ee0000 - 0x00007ffdd765f000 	C:\Windows\System32\windows.storage.dll
0x00007ffdd6c10000 - 0x00007ffdd6c2f000 	C:\Windows\System32\profapi.dll
0x00007ffdd6bc0000 - 0x00007ffdd6c0a000 	C:\Windows\System32\powrprof.dll
0x00007ffdd6b70000 - 0x00007ffdd6b80000 	C:\Windows\System32\UMPDC.dll
0x00007ffdd8520000 - 0x00007ffdd8572000 	C:\Windows\System32\shlwapi.dll
0x00007ffdd6b80000 - 0x00007ffdd6b91000 	C:\Windows\System32\kernel.appcore.dll
0x00007ffdd7730000 - 0x00007ffdd7747000 	C:\Windows\System32\cryptsp.dll
0x00007ffdd0980000 - 0x00007ffdd099a000 	C:\Program Files\Android\Android Studio\jre\jre\bin\net.dll
0x00007ffdd63e0000 - 0x00007ffdd6447000 	C:\Windows\system32\mswsock.dll
0x00007ffdd0210000 - 0x00007ffdd0221000 	C:\Program Files\Android\Android Studio\jre\jre\bin\nio.dll

VM Arguments:
java_command: org.jetbrains.kotlin.cli.jvm.K2JVMCompiler -Xallow-no-source-files -classpath C:\Users\PRESS\.gradle\caches\modules-2\files-2.1\org.jetbrains.kotlin\kotlin-android-extensions-runtime\1.3.61\289bdf25b4886749e040c7a7d3aab8a57f85c631\kotlin-android-extensions-runtime-1.3.61.jar;C:\Users\PRESS\.gradle\caches\transforms-2\files-2.1\3610143a0983b8e3096f6361febd3093\materialdrawer-kt-2.0.1-api.jar;C:\Users\PRESS\.gradle\caches\transforms-2\files-2.1\a53f0799ba47008669cdd799c80eea58\jetified-android-fab-2.3.1-api.jar;C:\Users\PRESS\.gradle\caches\transforms-2\files-2.1\ade633027182326e1b52690b51210823\splitties-alertdialog-appcompat-coroutines-3.0.0-alpha06-api.jar;C:\Users\PRESS\.gradle\caches\transforms-2\files-2.1\0aa3e644d8d77cdf8a50ef034f96df66\splitties-alertdialog-appcompat-3.0.0-alpha06-api.jar;C:\Users\PRESS\.gradle\caches\modules-2\files-2.1\com.louiscad.splitties\splitties-experimental\3.0.0-alpha06\b80680ca318c221a9d19bb65d6e62ec86e05301e\splitties-experimental-3.0.0-alpha06.jar;C:\Users\PRESS\.gradle\caches\modules-2\files-2.1\org.jetbrains.kotlin\kotlin-stdlib-jdk7\1.3.61\70dffc5f8ac5ea7c34f30deac5b9d8b1d48af066\kotlin-stdlib-jdk7-1.3.61.jar;C:\Users\PRESS\.gradle\caches\transforms-2\files-2.1\2718eb8fe0ce543a203c3407e1a802bb\core-ktx-1.1.0-api.jar;C:\Users\PRESS\.gradle\caches\transforms-2\files-2.1\0dfc7a3c36880f26360704fa064fa306\anko-0.10.8-api.jar;C:\Users\PRESS\.gradle\caches\transforms-2\files-2.1\cfa07eba102816c84753ec8f322bb124\anko-coroutines-0.10.8-api.jar;C:\Users\PRESS\.gradle\caches\transforms-2\files-2.1\b369d2888e923690cbb6f1826db56fa3\anko-sdk27-coroutines-0.10.8-api.jar;C:\Users\PRESS\.gradle\caches\transforms-2\files-2.1\fe999307503eec54b2d3b80d65297e95\jetified-anko-appcompat-v7-coroutines-0.10.8-api.jar;C:\Users\PRESS\.gradle\caches\transforms-2\files-2.1\06c99e87e8c1fdbe31c466d59e8832a9\jetified-kotlinx-coroutines-android-1.3.2.jar;C:\Users\PRESS\.gradle\caches\modules-2\files-2.1\org.jetbrains.kotlinx\kotlinx-coroutines-c
java_class_path (initial): C:\Users\PRESS\.gradle\caches\modules-2\files-2.1\org.jetbrains.kotlin\kotlin-compiler-embeddable\1.3.61\c35c0833d5a1e3d229359758482c480306724618\kotlin-compiler-embeddable-1.3.61.jar;C:\Users\PRESS\.gradle\caches\modules-2\files-2.1\org.jetbrains.kotlin\kotlin-reflect\1.3.61\2e07c9a84c9e118efb70eede7e579fd663932122\kotlin-reflect-1.3.61.jar;C:\Users\PRESS\.gradle\caches\modules-2\files-2.1\org.jetbrains.kotlin\kotlin-stdlib\1.3.61\4702105e97f7396ae41b113fdbdc180ec1eb1e36\kotlin-stdlib-1.3.61.jar;C:\Users\PRESS\.gradle\caches\modules-2\files-2.1\org.jetbrains.kotlin\kotlin-script-runtime\1.3.61\e5feb39c8de63dcbdc1154b34ca4413874231605\kotlin-script-runtime-1.3.61.jar;C:\Users\PRESS\.gradle\caches\modules-2\files-2.1\org.jetbrains.kotlin\kotlin-daemon-embeddable\1.3.61\4de83e41a92c8395d89ab2e81d26b788ba163824\kotlin-daemon-embeddable-1.3.61.jar;C:\Users\PRESS\.gradle\caches\modules-2\files-2.1\org.jetbrains.intellij.deps\trove4j\1.0.20181211\216c2e14b070f334479d800987affe4054cd563f\trove4j-1.0.20181211.jar;C:\Users\PRESS\.gradle\caches\modules-2\files-2.1\org.jetbrains.kotlin\kotlin-stdlib-common\1.3.61\65abb71d5afb850b68be03987b08e2c864ca3110\kotlin-stdlib-common-1.3.61.jar;C:\Users\PRESS\.gradle\caches\modules-2\files-2.1\org.jetbrains\annotations\13.0\919f0dfe192fb4e063e7dacadee7f8bb9a2672a9\annotations-13.0.jar;C:\Program Files\Android\Android Studio\jre\lib\tools.jar
Launcher Type: SUN_STANDARD

Environment Variables:
PATH=C:\Windows\system32;C:\Windows;C:\Windows\System32\Wbem;C:\Windows\System32\WindowsPowerShell\v1.0\;C:\Windows\System32\OpenSSH\;C:\Users\PRESS\AppData\Local\Microsoft\WindowsApps;
USERNAME=PRESS
OS=Windows_NT
PROCESSOR_IDENTIFIER=Intel64 Family 6 Model 94 Stepping 3, GenuineIntel



---------------  S Y S T E M  ---------------

OS: Windows 10.0 , 64 bit Build 18362 (10.0.18362.329)

CPU:total 8 (initial active 8) (4 cores per cpu, 2 threads per core) family 6 model 94 stepping 3, cmov, cx8, fxsr, mmx, sse, sse2, sse3, ssse3, sse4.1, sse4.2, popcnt, avx, avx2, aes, clmul, erms, rtm, 3dnowpref, lzcnt, ht, tsc, tscinvbit, bmi1, bmi2, adx

Memory: 4k page, physical 8067228k(1198588k free), swap 10164380k(5260k free)

vm_info: OpenJDK 64-Bit Server VM (25.202-b03) for windows-amd64 JRE (1.8.0_202-release-1483-b03), built by "builder" with MS VC++ 10.0 (VS2010)

time: Sun Feb 16 21:24:55 2020
timezone: RTZ 2 (зима)
elapsed time: 4 seconds (0d 0h 0m 4s)

