#
# There is insufficient memory for the Java Runtime Environment to continue.
# Native memory allocation (malloc) failed to allocate 921552 bytes for Chunk::new
# Possible reasons:
#   The system is out of physical RAM or swap space
#   The process is running with CompressedOops enabled, and the Java Heap may be blocking the growth of the native heap
# Possible solutions:
#   Reduce memory load on the system
#   Increase physical memory or swap space
#   Check if swap backing store is full
#   Decrease Java heap size (-Xmx/-Xms)
#   Decrease number of Java threads
#   Decrease Java thread stack sizes (-Xss)
#   Set larger code cache with -XX:ReservedCodeCacheSize=
#   JVM is running with Unscaled Compressed Oops mode in which the Java heap is
#     placed in the first 4GB address space. The Java Heap base address is the
#     maximum limit for the native heap growth. Please use -XX:HeapBaseMinAddress
#     to set the Java Heap base and to place the Java Heap above 4GB virtual address.
# This output file may be truncated or incomplete.
#
#  Out of Memory Error (allocation.cpp:389), pid=77080, tid=0x00000000000059f4
#
# JRE version: OpenJDK Runtime Environment (8.0_202-b03) (build 1.8.0_202-release-1483-b03)
# Java VM: OpenJDK 64-Bit Server VM (25.202-b03 mixed mode windows-amd64 compressed oops)
# Failed to write core dump. Minidumps are not enabled by default on client versions of Windows
#

---------------  T H R E A D  ---------------

Current thread (0x0000000019d3b000):  JavaThread "C2 CompilerThread0" daemon [_thread_in_native, id=23028, stack(0x000000001a610000,0x000000001a710000)]

Stack: [0x000000001a610000,0x000000001a710000]
[error occurred during error reporting (printing stack bounds), id 0xc0000005]

Native frames: (J=compiled Java code, j=interpreted, Vv=VM code, C=native code)


Current CompileTask:
C2:  13794 11028       4       org.jetbrains.kotlin.resolve.calls.smartcasts.IdentifierInfoKt::getIdForStableIdentifier (396 bytes)


---------------  P R O C E S S  ---------------

Java Threads: ( => current thread )
  0x0000000019dd3800 JavaThread "Service Thread" daemon [_thread_blocked, id=161988, stack(0x000000001aa10000,0x000000001ab10000)]
  0x0000000019d90800 JavaThread "C1 CompilerThread3" daemon [_thread_in_vm, id=92968, stack(0x000000001a910000,0x000000001aa10000)]
  0x0000000019d87000 JavaThread "C2 CompilerThread2" daemon [_thread_in_native, id=145220, stack(0x000000001a810000,0x000000001a910000)]
  0x0000000019d41800 JavaThread "C2 CompilerThread1" daemon [_thread_in_native, id=106504, stack(0x000000001a710000,0x000000001a810000)]
=>0x0000000019d3b000 JavaThread "C2 CompilerThread0" daemon [_thread_in_native, id=23028, stack(0x000000001a610000,0x000000001a710000)]
  0x0000000019d38800 JavaThread "Attach Listener" daemon [_thread_blocked, id=149480, stack(0x000000001a510000,0x000000001a610000)]
  0x0000000019d37800 JavaThread "Signal Dispatcher" daemon [_thread_blocked, id=93520, stack(0x000000001a410000,0x000000001a510000)]
  0x0000000017f27800 JavaThread "Finalizer" daemon [_thread_blocked, id=58808, stack(0x000000001a200000,0x000000001a300000)]
  0x0000000017f1d800 JavaThread "Reference Handler" daemon [_thread_blocked, id=95900, stack(0x000000001a100000,0x000000001a200000)]
  0x000000000307d800 JavaThread "main" [_thread_in_Java, id=29212, stack(0x0000000002f40000,0x0000000003040000)]

Other Threads:
  0x0000000017f18000 VMThread [stack: 0x0000000019c00000,0x0000000019d00000] [id=45120]
  0x0000000019ddc000 WatcherThread [stack: 0x000000001ab10000,0x000000001ac10000] [id=70016]

VM state:not at safepoint (normal execution)

VM Mutex/Monitor currently owned by a thread: None

heap address: 0x0000000084e00000, size: 1970 MB, Compressed Oops mode: 32-bit
Narrow klass base: 0x0000000000000000, Narrow klass shift: 3
Compressed class space size: 1073741824 Address: 0x0000000100000000

Heap:
 PSYoungGen      total 122880K, used 57364K [0x00000000d6f80000, 0x00000000e0380000, 0x0000000100000000)
  eden space 99328K, 57% used [0x00000000d6f80000,0x00000000da785138,0x00000000dd080000)
  from space 23552K, 0% used [0x00000000dd080000,0x00000000dd080000,0x00000000de780000)
  to   space 17920K, 0% used [0x00000000de780000,0x00000000de780000,0x00000000df900000)
 ParOldGen       total 105472K, used 79461K [0x0000000084e00000, 0x000000008b500000, 0x00000000d6f80000)
  object space 105472K, 75% used [0x0000000084e00000,0x0000000089b99790,0x000000008b500000)
 Metaspace       used 56317K, capacity 57391K, committed 57520K, reserved 1099776K
  class space    used 6760K, capacity 7048K, committed 7088K, reserved 1048576K

Card table byte_map: [0x0000000012540000,0x0000000012920000] byte_map_base: 0x0000000012119000

Marking Bits: (ParMarkBitMap*) 0x000000006b199f30
 Begin Bits: [0x00000000133c0000, 0x0000000015288000)
 End Bits:   [0x0000000015288000, 0x0000000017150000)

Polling page: 0x00000000010d0000

CodeCache: size=245760Kb used=33478Kb max_used=33478Kb free=212282Kb
 bounds [0x0000000003180000, 0x0000000005260000, 0x0000000012180000]
 total_blobs=9950 nmethods=9470 adapters=391
 compilation: enabled

Compilation events (10 events):
Event: 13.780 Thread 0x0000000019d90800 11107       3       org.jetbrains.kotlin.load.kotlin.header.ReadKotlinClassHeaderAnnotationVisitor::createHeader (136 bytes)
Event: 13.781 Thread 0x0000000019d90800 nmethod 11107 0x000000000524a5d0 code [0x000000000524a7e0, 0x000000000524b198]
Event: 13.782 Thread 0x0000000019d90800 11109       3       org.jetbrains.kotlin.resolve.scopes.receivers.ClassQualifier::getDescriptor (8 bytes)
Event: 13.782 Thread 0x0000000019d90800 nmethod 11109 0x000000000524b510 code [0x000000000524b660, 0x000000000524b850]
Event: 13.783 Thread 0x0000000019d90800 11110       3       org.jetbrains.kotlin.parsing.KotlinExpressionParsing::parseFunctionLiteralParameterList (200 bytes)
Event: 13.784 Thread 0x0000000019d90800 nmethod 11110 0x000000000524b8d0 code [0x000000000524bc60, 0x000000000524d958]
Event: 13.784 Thread 0x0000000019d90800 11112       3       org.jetbrains.kotlin.com.intellij.psi.impl.source.CharTableImpl$StringHashToCharSequencesMap::charSequenceSubSequenceEquals (90 bytes)
Event: 13.785 Thread 0x0000000019d90800 nmethod 11112 0x000000000524e410 code [0x000000000524e5e0, 0x000000000524ed18]
Event: 13.785 Thread 0x0000000019d90800 11111       3       org.jetbrains.kotlin.com.intellij.psi.impl.source.tree.PsiCoreCommentImpl::<init> (15 bytes)
Event: 13.785 Thread 0x0000000019d90800 nmethod 11111 0x000000000524ef50 code [0x000000000524f120, 0x000000000524f718]

GC Heap History (10 events):
Event: 6.558 GC heap before
{Heap before GC invocations=10 (full 2):
 PSYoungGen      total 91648K, used 91633K [0x00000000d6f80000, 0x00000000df900000, 0x0000000100000000)
  eden space 76288K, 100% used [0x00000000d6f80000,0x00000000dba00000,0x00000000dba00000)
  from space 15360K, 99% used [0x00000000dba00000,0x00000000dc8fc5a0,0x00000000dc900000)
  to   space 17920K, 0% used [0x00000000de780000,0x00000000de780000,0x00000000df900000)
 ParOldGen       total 105472K, used 19501K [0x0000000084e00000, 0x000000008b500000, 0x00000000d6f80000)
  object space 105472K, 18% used [0x0000000084e00000,0x000000008610b7b0,0x000000008b500000)
 Metaspace       used 43925K, capacity 44707K, committed 44976K, reserved 1089536K
  class space    used 5286K, capacity 5490K, committed 5552K, reserved 1048576K
Event: 6.578 GC heap after
Heap after GC invocations=10 (full 2):
 PSYoungGen      total 117248K, used 17917K [0x00000000d6f80000, 0x00000000e0380000, 0x0000000100000000)
  eden space 99328K, 0% used [0x00000000d6f80000,0x00000000d6f80000,0x00000000dd080000)
  from space 17920K, 99% used [0x00000000de780000,0x00000000df8ff610,0x00000000df900000)
  to   space 23552K, 0% used [0x00000000dd080000,0x00000000dd080000,0x00000000de780000)
 ParOldGen       total 105472K, used 26621K [0x0000000084e00000, 0x000000008b500000, 0x00000000d6f80000)
  object space 105472K, 25% used [0x0000000084e00000,0x00000000867ff6a0,0x000000008b500000)
 Metaspace       used 43925K, capacity 44707K, committed 44976K, reserved 1089536K
  class space    used 5286K, capacity 5490K, committed 5552K, reserved 1048576K
}
Event: 8.129 GC heap before
{Heap before GC invocations=11 (full 2):
 PSYoungGen      total 117248K, used 117245K [0x00000000d6f80000, 0x00000000e0380000, 0x0000000100000000)
  eden space 99328K, 100% used [0x00000000d6f80000,0x00000000dd080000,0x00000000dd080000)
  from space 17920K, 99% used [0x00000000de780000,0x00000000df8ff610,0x00000000df900000)
  to   space 23552K, 0% used [0x00000000dd080000,0x00000000dd080000,0x00000000de780000)
 ParOldGen       total 105472K, used 26621K [0x0000000084e00000, 0x000000008b500000, 0x00000000d6f80000)
  object space 105472K, 25% used [0x0000000084e00000,0x00000000867ff6a0,0x000000008b500000)
 Metaspace       used 48913K, capacity 49821K, committed 49968K, reserved 1093632K
  class space    used 5924K, capacity 6145K, committed 6192K, reserved 1048576K
Event: 8.170 GC heap after
Heap after GC invocations=11 (full 2):
 PSYoungGen      total 122880K, used 23547K [0x00000000d6f80000, 0x00000000e0380000, 0x0000000100000000)
  eden space 99328K, 0% used [0x00000000d6f80000,0x00000000d6f80000,0x00000000dd080000)
  from space 23552K, 99% used [0x00000000dd080000,0x00000000de77ef30,0x00000000de780000)
  to   space 17920K, 0% used [0x00000000de780000,0x00000000de780000,0x00000000df900000)
 ParOldGen       total 105472K, used 37266K [0x0000000084e00000, 0x000000008b500000, 0x00000000d6f80000)
  object space 105472K, 35% used [0x0000000084e00000,0x0000000087264970,0x000000008b500000)
 Metaspace       used 48913K, capacity 49821K, committed 49968K, reserved 1093632K
  class space    used 5924K, capacity 6145K, committed 6192K, reserved 1048576K
}
Event: 10.056 GC heap before
{Heap before GC invocations=12 (full 2):
 PSYoungGen      total 122880K, used 122875K [0x00000000d6f80000, 0x00000000e0380000, 0x0000000100000000)
  eden space 99328K, 100% used [0x00000000d6f80000,0x00000000dd080000,0x00000000dd080000)
  from space 23552K, 99% used [0x00000000dd080000,0x00000000de77ef30,0x00000000de780000)
  to   space 17920K, 0% used [0x00000000de780000,0x00000000de780000,0x00000000df900000)
 ParOldGen       total 105472K, used 37266K [0x0000000084e00000, 0x000000008b500000, 0x00000000d6f80000)
  object space 105472K, 35% used [0x0000000084e00000,0x0000000087264970,0x000000008b500000)
 Metaspace       used 54826K, capacity 55855K, committed 56240K, reserved 1097728K
  class space    used 6699K, capacity 7000K, committed 7088K, reserved 1048576K
Event: 10.102 GC heap after
Heap after GC invocations=12 (full 2):
 PSYoungGen      total 117248K, used 17899K [0x00000000d6f80000, 0x00000000e0380000, 0x0000000100000000)
  eden space 99328K, 0% used [0x00000000d6f80000,0x00000000d6f80000,0x00000000dd080000)
  from space 17920K, 99% used [0x00000000de780000,0x00000000df8fac28,0x00000000df900000)
  to   space 23552K, 0% used [0x00000000dd080000,0x00000000dd080000,0x00000000de780000)
 ParOldGen       total 105472K, used 65340K [0x0000000084e00000, 0x000000008b500000, 0x00000000d6f80000)
  object space 105472K, 61% used [0x0000000084e00000,0x0000000088dcf038,0x000000008b500000)
 Metaspace       used 54826K, capacity 55855K, committed 56240K, reserved 1097728K
  class space    used 6699K, capacity 7000K, committed 7088K, reserved 1048576K
}
Event: 12.447 GC heap before
{Heap before GC invocations=13 (full 2):
 PSYoungGen      total 117248K, used 117227K [0x00000000d6f80000, 0x00000000e0380000, 0x0000000100000000)
  eden space 99328K, 100% used [0x00000000d6f80000,0x00000000dd080000,0x00000000dd080000)
  from space 17920K, 99% used [0x00000000de780000,0x00000000df8fac28,0x00000000df900000)
  to   space 23552K, 0% used [0x00000000dd080000,0x00000000dd080000,0x00000000de780000)
 ParOldGen       total 105472K, used 65340K [0x0000000084e00000, 0x000000008b500000, 0x00000000d6f80000)
  object space 105472K, 61% used [0x0000000084e00000,0x0000000088dcf038,0x000000008b500000)
 Metaspace       used 55999K, capacity 57101K, committed 57264K, reserved 1099776K
  class space    used 6746K, capacity 7041K, committed 7088K, reserved 1048576K
Event: 12.470 GC heap after
Heap after GC invocations=13 (full 2):
 PSYoungGen      total 122880K, used 10961K [0x00000000d6f80000, 0x00000000e0380000, 0x0000000100000000)
  eden space 99328K, 0% used [0x00000000d6f80000,0x00000000d6f80000,0x00000000dd080000)
  from space 23552K, 46% used [0x00000000dd080000,0x00000000ddb34748,0x00000000de780000)
  to   space 17920K, 0% used [0x00000000de780000,0x00000000de780000,0x00000000df900000)
 ParOldGen       total 105472K, used 83234K [0x0000000084e00000, 0x000000008b500000, 0x00000000d6f80000)
  object space 105472K, 78% used [0x0000000084e00000,0x0000000089f48b18,0x000000008b500000)
 Metaspace       used 55999K, capacity 57101K, committed 57264K, reserved 1099776K
  class space    used 6746K, capacity 7041K, committed 7088K, reserved 1048576K
}
Event: 12.470 GC heap before
{Heap before GC invocations=14 (full 3):
 PSYoungGen      total 122880K, used 10961K [0x00000000d6f80000, 0x00000000e0380000, 0x0000000100000000)
  eden space 99328K, 0% used [0x00000000d6f80000,0x00000000d6f80000,0x00000000dd080000)
  from space 23552K, 46% used [0x00000000dd080000,0x00000000ddb34748,0x00000000de780000)
  to   space 17920K, 0% used [0x00000000de780000,0x00000000de780000,0x00000000df900000)
 ParOldGen       total 105472K, used 83234K [0x0000000084e00000, 0x000000008b500000, 0x00000000d6f80000)
  object space 105472K, 78% used [0x0000000084e00000,0x0000000089f48b18,0x000000008b500000)
 Metaspace       used 55999K, capacity 57101K, committed 57264K, reserved 1099776K
  class space    used 6746K, capacity 7041K, committed 7088K, reserved 1048576K
Event: 12.788 GC heap after
Heap after GC invocations=14 (full 3):
 PSYoungGen      total 122880K, used 0K [0x00000000d6f80000, 0x00000000e0380000, 0x0000000100000000)
  eden space 99328K, 0% used [0x00000000d6f80000,0x00000000d6f80000,0x00000000dd080000)
  from space 23552K, 0% used [0x00000000dd080000,0x00000000dd080000,0x00000000de780000)
  to   space 17920K, 0% used [0x00000000de780000,0x00000000de780000,0x00000000df900000)
 ParOldGen       total 105472K, used 79461K [0x0000000084e00000, 0x000000008b500000, 0x00000000d6f80000)
  object space 105472K, 75% used [0x0000000084e00000,0x0000000089b99790,0x000000008b500000)
 Metaspace       used 55999K, capacity 57101K, committed 57264K, reserved 1099776K
  class space    used 6746K, capacity 7041K, committed 7088K, reserved 1048576K
}

Deoptimization events (10 events):
Event: 13.472 Thread 0x000000000307d800 Uncommon trap: reason=unstable_if action=reinterpret pc=0x0000000004ba8908 method=java.util.concurrent.ConcurrentHashMap.get(Ljava/lang/Object;)Ljava/lang/Object; @ 152
Event: 13.609 Thread 0x000000000307d800 Uncommon trap: reason=unstable_if action=reinterpret pc=0x0000000004688b7c method=org.jetbrains.kotlin.resolve.calls.results.ResolutionStatus.among(Lorg/jetbrains/kotlin/resolve/calls/results/ResolutionStatus;Lorg/jetbrains/kotlin/resolve/calls/results/Re
Event: 13.609 Thread 0x000000000307d800 Uncommon trap: reason=unstable_if action=reinterpret pc=0x0000000003f0efac method=org.jetbrains.kotlin.resolve.calls.results.ResolutionStatus.among(Lorg/jetbrains/kotlin/resolve/calls/results/ResolutionStatus;Lorg/jetbrains/kotlin/resolve/calls/results/Re
Event: 13.632 Thread 0x000000000307d800 Uncommon trap: reason=class_check action=maybe_recompile pc=0x0000000004f3b7d8 method=org.jetbrains.kotlin.com.intellij.openapi.util.Key.getKeyByIndex(I)Lorg/jetbrains/kotlin/com/intellij/openapi/util/Key; @ 9
Event: 13.633 Thread 0x000000000307d800 Uncommon trap: reason=class_check action=maybe_recompile pc=0x0000000004f3b7d8 method=org.jetbrains.kotlin.com.intellij.openapi.util.Key.getKeyByIndex(I)Lorg/jetbrains/kotlin/com/intellij/openapi/util/Key; @ 9
Event: 13.634 Thread 0x000000000307d800 Uncommon trap: reason=class_check action=maybe_recompile pc=0x0000000004f3b7d8 method=org.jetbrains.kotlin.com.intellij.openapi.util.Key.getKeyByIndex(I)Lorg/jetbrains/kotlin/com/intellij/openapi/util/Key; @ 9
Event: 13.655 Thread 0x000000000307d800 Uncommon trap: reason=class_check action=maybe_recompile pc=0x000000000521a798 method=org.jetbrains.kotlin.resolve.deprecation.DeprecationResolver.isDeprecatedHidden(Lorg/jetbrains/kotlin/descriptors/DeclarationDescriptor;)Z @ 11
Event: 13.655 Thread 0x000000000307d800 Uncommon trap: reason=class_check action=maybe_recompile pc=0x000000000521a798 method=org.jetbrains.kotlin.resolve.deprecation.DeprecationResolver.isDeprecatedHidden(Lorg/jetbrains/kotlin/descriptors/DeclarationDescriptor;)Z @ 11
Event: 13.783 Thread 0x000000000307d800 Uncommon trap: reason=class_check action=maybe_recompile pc=0x0000000004070a10 method=org.jetbrains.kotlin.com.intellij.psi.impl.source.CharTableImpl$StringHashToCharSequencesMap.getSubSequenceWithHashCode(ILjava/lang/CharSequence;II)Ljava/lang/CharSequen
Event: 13.783 Thread 0x000000000307d800 Uncommon trap: reason=class_check action=maybe_recompile pc=0x0000000004070a10 method=org.jetbrains.kotlin.com.intellij.psi.impl.source.CharTableImpl$StringHashToCharSequencesMap.getSubSequenceWithHashCode(ILjava/lang/CharSequence;II)Ljava/lang/CharSequen

Classes redefined (0 events):
No events

Internal exceptions (10 events):
Event: 8.653 Thread 0x000000000307d800 Implicit null exception at 0x000000000418bfaf to 0x0000000004192c05
Event: 8.654 Thread 0x000000000307d800 Exception <a 'java/lang/NoSuchMethodError': java.lang.Object.lambda$static$0(I)[Lorg/jetbrains/kotlin/com/intellij/psi/PsiReference;> (0x00000000d88a8ac0) thrown at [D:\src\AOSP-openjdk-cygwin\jdk8u\hotspot\src\share\vm\interpreter\linkResolver.cpp, line 
Event: 8.661 Thread 0x000000000307d800 Exception <a 'java/lang/NoSuchMethodError': java.lang.Object.lambda$static$0(I)[Lorg/jetbrains/kotlin/com/intellij/psi/PsiTypeElement;> (0x00000000d88e3798) thrown at [D:\src\AOSP-openjdk-cygwin\jdk8u\hotspot\src\share\vm\interpreter\linkResolver.cpp, lin
Event: 8.763 Thread 0x000000000307d800 Exception <a 'java/lang/NoSuchMethodError': java.lang.Object.lambda$static$0(I)[Lorg/jetbrains/kotlin/com/intellij/psi/PsiTypeParameter;> (0x00000000d91d5e48) thrown at [D:\src\AOSP-openjdk-cygwin\jdk8u\hotspot\src\share\vm\interpreter\linkResolver.cpp, l
Event: 8.778 Thread 0x000000000307d800 Exception <a 'java/lang/NoSuchMethodError': java.lang.Object.lambda$static$0(I)[Lorg/jetbrains/kotlin/com/intellij/psi/PsiMethod;> (0x00000000d9233990) thrown at [D:\src\AOSP-openjdk-cygwin\jdk8u\hotspot\src\share\vm\interpreter\linkResolver.cpp, line 620
Event: 8.780 Thread 0x000000000307d800 Exception <a 'java/lang/NoSuchMethodError': java.lang.Object.lambda$static$0(I)[Lorg/jetbrains/kotlin/com/intellij/psi/PsiField;> (0x00000000d923e938) thrown at [D:\src\AOSP-openjdk-cygwin\jdk8u\hotspot\src\share\vm\interpreter\linkResolver.cpp, line 620]
Event: 8.817 Thread 0x000000000307d800 Exception <a 'java/lang/NoSuchMethodError': java.lang.Object.lambda$static$0(I)[Lorg/jetbrains/kotlin/com/intellij/psi/PsiJavaCodeReferenceElement;> (0x00000000d932fc70) thrown at [D:\src\AOSP-openjdk-cygwin\jdk8u\hotspot\src\share\vm\interpreter\linkReso
Event: 9.324 Thread 0x000000000307d800 Implicit null exception at 0x000000000342db16 to 0x000000000342deb1
Event: 9.341 Thread 0x000000000307d800 Implicit null exception at 0x0000000003399896 to 0x0000000003399c31
Event: 10.381 Thread 0x000000000307d800 Implicit null exception at 0x0000000004602f30 to 0x0000000004602f95

Events (10 events):
Event: 13.655 Thread 0x000000000307d800 DEOPT PACKING pc=0x000000000521a798 sp=0x0000000003038990
Event: 13.655 Thread 0x000000000307d800 DEOPT UNPACKING pc=0x00000000031c557b sp=0x0000000003038918 mode 2
Event: 13.718 Thread 0x000000000307d800 DEOPT PACKING pc=0x000000000514f101 sp=0x000000000303c020
Event: 13.718 Thread 0x000000000307d800 DEOPT UNPACKING pc=0x00000000031c75d0 sp=0x000000000303be00 mode 0
Event: 13.783 Thread 0x000000000307d800 Uncommon trap: trap_request=0xffffffde fr.pc=0x0000000004070a10
Event: 13.783 Thread 0x000000000307d800 DEOPT PACKING pc=0x0000000004070a10 sp=0x000000000303ad30
Event: 13.783 Thread 0x000000000307d800 DEOPT UNPACKING pc=0x00000000031c557b sp=0x000000000303ac10 mode 2
Event: 13.783 Thread 0x000000000307d800 Uncommon trap: trap_request=0xffffffde fr.pc=0x0000000004070a10
Event: 13.783 Thread 0x000000000307d800 DEOPT PACKING pc=0x0000000004070a10 sp=0x000000000303ad30
Event: 13.783 Thread 0x000000000307d800 DEOPT UNPACKING pc=0x00000000031c557b sp=0x000000000303ac10 mode 2


Dynamic libraries:
0x00007ff7e5840000 - 0x00007ff7e5871000 	C:\Program Files\Android\Android Studio\jre\jre\bin\java.exe
0x00007ffdd9ca0000 - 0x00007ffdd9e90000 	C:\Windows\SYSTEM32\ntdll.dll
0x00007ffdd9300000 - 0x00007ffdd93b2000 	C:\Windows\System32\KERNEL32.DLL
0x00007ffdd7780000 - 0x00007ffdd7a23000 	C:\Windows\System32\KERNELBASE.dll
0x00007ffdd8470000 - 0x00007ffdd8513000 	C:\Windows\System32\ADVAPI32.dll
0x00007ffdd9bc0000 - 0x00007ffdd9c5e000 	C:\Windows\System32\msvcrt.dll
0x00007ffdd93c0000 - 0x00007ffdd9457000 	C:\Windows\System32\sechost.dll
0x00007ffdd8990000 - 0x00007ffdd8ab0000 	C:\Windows\System32\RPCRT4.dll
0x00007ffdd9870000 - 0x00007ffdd9a04000 	C:\Windows\System32\USER32.dll
0x00007ffdd7b80000 - 0x00007ffdd7ba1000 	C:\Windows\System32\win32u.dll
0x00007ffdd8d30000 - 0x00007ffdd8d56000 	C:\Windows\System32\GDI32.dll
0x00007ffdd7bb0000 - 0x00007ffdd7d44000 	C:\Windows\System32\gdi32full.dll
0x00007ffdd6c30000 - 0x00007ffdd6cce000 	C:\Windows\System32\msvcp_win.dll
0x00007ffdd6d30000 - 0x00007ffdd6e2a000 	C:\Windows\System32\ucrtbase.dll
0x00007ffdc9e00000 - 0x00007ffdca085000 	C:\Windows\WinSxS\amd64_microsoft.windows.common-controls_6595b64144ccf1df_6.0.18362.657_none_e6c5b579130e3898\COMCTL32.dll
0x00007ffdd94c0000 - 0x00007ffdd97f6000 	C:\Windows\System32\combase.dll
0x00007ffdd76b0000 - 0x00007ffdd7730000 	C:\Windows\System32\bcryptPrimitives.dll
0x00007ffdd8cf0000 - 0x00007ffdd8d1e000 	C:\Windows\System32\IMM32.DLL
0x000000006a8f0000 - 0x000000006a9c2000 	C:\Program Files\Android\Android Studio\jre\jre\bin\msvcr100.dll
0x000000006a9d0000 - 0x000000006b216000 	C:\Program Files\Android\Android Studio\jre\jre\bin\server\jvm.dll
0x00007ffdd8460000 - 0x00007ffdd8468000 	C:\Windows\System32\PSAPI.DLL
0x00007ffdce060000 - 0x00007ffdce084000 	C:\Windows\SYSTEM32\WINMM.dll
0x00007ffdd1de0000 - 0x00007ffdd1dea000 	C:\Windows\SYSTEM32\VERSION.dll
0x00007ffdd5680000 - 0x00007ffdd5689000 	C:\Windows\SYSTEM32\WSOCK32.dll
0x00007ffdd8c80000 - 0x00007ffdd8cef000 	C:\Windows\System32\WS2_32.dll
0x00007ffdcd970000 - 0x00007ffdcd99d000 	C:\Windows\SYSTEM32\WINMMBASE.dll
0x00007ffdd7660000 - 0x00007ffdd76aa000 	C:\Windows\System32\cfgmgr32.dll
0x00007ffdd14b0000 - 0x00007ffdd14bf000 	C:\Program Files\Android\Android Studio\jre\jre\bin\verify.dll
0x00007ffdd0be0000 - 0x00007ffdd0c09000 	C:\Program Files\Android\Android Studio\jre\jre\bin\java.dll
0x00007ffdd0ba0000 - 0x00007ffdd0bb6000 	C:\Program Files\Android\Android Studio\jre\jre\bin\zip.dll
0x00007ffdd7d50000 - 0x00007ffdd8435000 	C:\Windows\System32\SHELL32.dll
0x00007ffdd8d60000 - 0x00007ffdd8e09000 	C:\Windows\System32\shcore.dll
0x00007ffdd6ee0000 - 0x00007ffdd765f000 	C:\Windows\System32\windows.storage.dll
0x00007ffdd6c10000 - 0x00007ffdd6c2f000 	C:\Windows\System32\profapi.dll
0x00007ffdd6bc0000 - 0x00007ffdd6c0a000 	C:\Windows\System32\powrprof.dll
0x00007ffdd6b70000 - 0x00007ffdd6b80000 	C:\Windows\System32\UMPDC.dll
0x00007ffdd8520000 - 0x00007ffdd8572000 	C:\Windows\System32\shlwapi.dll
0x00007ffdd6b80000 - 0x00007ffdd6b91000 	C:\Windows\System32\kernel.appcore.dll
0x00007ffdd7730000 - 0x00007ffdd7747000 	C:\Windows\System32\cryptsp.dll
0x00007ffdd0980000 - 0x00007ffdd099a000 	C:\Program Files\Android\Android Studio\jre\jre\bin\net.dll
0x00007ffdd63e0000 - 0x00007ffdd6447000 	C:\Windows\system32\mswsock.dll
0x00007ffdd0210000 - 0x00007ffdd0221000 	C:\Program Files\Android\Android Studio\jre\jre\bin\nio.dll

VM Arguments:
java_command: org.jetbrains.kotlin.cli.jvm.K2JVMCompiler -Xallow-no-source-files -classpath C:\Users\PRESS\.gradle\caches\modules-2\files-2.1\org.jetbrains.kotlin\kotlin-android-extensions-runtime\1.3.61\289bdf25b4886749e040c7a7d3aab8a57f85c631\kotlin-android-extensions-runtime-1.3.61.jar;C:\Users\PRESS\.gradle\caches\transforms-2\files-2.1\3610143a0983b8e3096f6361febd3093\materialdrawer-kt-2.0.1-api.jar;C:\Users\PRESS\.gradle\caches\transforms-2\files-2.1\a53f0799ba47008669cdd799c80eea58\jetified-android-fab-2.3.1-api.jar;C:\Users\PRESS\.gradle\caches\transforms-2\files-2.1\ade633027182326e1b52690b51210823\splitties-alertdialog-appcompat-coroutines-3.0.0-alpha06-api.jar;C:\Users\PRESS\.gradle\caches\transforms-2\files-2.1\0aa3e644d8d77cdf8a50ef034f96df66\splitties-alertdialog-appcompat-3.0.0-alpha06-api.jar;C:\Users\PRESS\.gradle\caches\modules-2\files-2.1\com.louiscad.splitties\splitties-experimental\3.0.0-alpha06\b80680ca318c221a9d19bb65d6e62ec86e05301e\splitties-experimental-3.0.0-alpha06.jar;C:\Users\PRESS\.gradle\caches\modules-2\files-2.1\org.jetbrains.kotlin\kotlin-stdlib-jdk7\1.3.61\70dffc5f8ac5ea7c34f30deac5b9d8b1d48af066\kotlin-stdlib-jdk7-1.3.61.jar;C:\Users\PRESS\.gradle\caches\transforms-2\files-2.1\2718eb8fe0ce543a203c3407e1a802bb\core-ktx-1.1.0-api.jar;C:\Users\PRESS\.gradle\caches\transforms-2\files-2.1\0dfc7a3c36880f26360704fa064fa306\anko-0.10.8-api.jar;C:\Users\PRESS\.gradle\caches\transforms-2\files-2.1\cfa07eba102816c84753ec8f322bb124\anko-coroutines-0.10.8-api.jar;C:\Users\PRESS\.gradle\caches\transforms-2\files-2.1\b369d2888e923690cbb6f1826db56fa3\anko-sdk27-coroutines-0.10.8-api.jar;C:\Users\PRESS\.gradle\caches\transforms-2\files-2.1\fe999307503eec54b2d3b80d65297e95\jetified-anko-appcompat-v7-coroutines-0.10.8-api.jar;C:\Users\PRESS\.gradle\caches\transforms-2\files-2.1\06c99e87e8c1fdbe31c466d59e8832a9\jetified-kotlinx-coroutines-android-1.3.2.jar;C:\Users\PRESS\.gradle\caches\modules-2\files-2.1\org.jetbrains.kotlinx\kotlinx-coroutines-c
java_class_path (initial): C:\Users\PRESS\.gradle\caches\modules-2\files-2.1\org.jetbrains.kotlin\kotlin-compiler-embeddable\1.3.61\c35c0833d5a1e3d229359758482c480306724618\kotlin-compiler-embeddable-1.3.61.jar;C:\Users\PRESS\.gradle\caches\modules-2\files-2.1\org.jetbrains.kotlin\kotlin-reflect\1.3.61\2e07c9a84c9e118efb70eede7e579fd663932122\kotlin-reflect-1.3.61.jar;C:\Users\PRESS\.gradle\caches\modules-2\files-2.1\org.jetbrains.kotlin\kotlin-stdlib\1.3.61\4702105e97f7396ae41b113fdbdc180ec1eb1e36\kotlin-stdlib-1.3.61.jar;C:\Users\PRESS\.gradle\caches\modules-2\files-2.1\org.jetbrains.kotlin\kotlin-script-runtime\1.3.61\e5feb39c8de63dcbdc1154b34ca4413874231605\kotlin-script-runtime-1.3.61.jar;C:\Users\PRESS\.gradle\caches\modules-2\files-2.1\org.jetbrains.kotlin\kotlin-daemon-embeddable\1.3.61\4de83e41a92c8395d89ab2e81d26b788ba163824\kotlin-daemon-embeddable-1.3.61.jar;C:\Users\PRESS\.gradle\caches\modules-2\files-2.1\org.jetbrains.intellij.deps\trove4j\1.0.20181211\216c2e14b070f334479d800987affe4054cd563f\trove4j-1.0.20181211.jar;C:\Users\PRESS\.gradle\caches\modules-2\files-2.1\org.jetbrains.kotlin\kotlin-stdlib-common\1.3.61\65abb71d5afb850b68be03987b08e2c864ca3110\kotlin-stdlib-common-1.3.61.jar;C:\Users\PRESS\.gradle\caches\modules-2\files-2.1\org.jetbrains\annotations\13.0\919f0dfe192fb4e063e7dacadee7f8bb9a2672a9\annotations-13.0.jar;C:\Program Files\Android\Android Studio\jre\lib\tools.jar
Launcher Type: SUN_STANDARD

Environment Variables:
PATH=C:\Windows\system32;C:\Windows;C:\Windows\System32\Wbem;C:\Windows\System32\WindowsPowerShell\v1.0\;C:\Windows\System32\OpenSSH\;C:\Users\PRESS\AppData\Local\Microsoft\WindowsApps;
USERNAME=PRESS
OS=Windows_NT
PROCESSOR_IDENTIFIER=Intel64 Family 6 Model 94 Stepping 3, GenuineIntel



---------------  S Y S T E M  ---------------

OS: Windows 10.0 , 64 bit Build 18362 (10.0.18362.329)

CPU:total 8 (initial active 8) (4 cores per cpu, 2 threads per core) family 6 model 94 stepping 3, cmov, cx8, fxsr, mmx, sse, sse2, sse3, ssse3, sse4.1, sse4.2, popcnt, avx, avx2, aes, clmul, erms, rtm, 3dnowpref, lzcnt, ht, tsc, tscinvbit, bmi1, bmi2, adx

Memory: 4k page, physical 8067228k(1104616k free), swap 10164380k(6072k free)

vm_info: OpenJDK 64-Bit Server VM (25.202-b03) for windows-amd64 JRE (1.8.0_202-release-1483-b03), built by "builder" with MS VC++ 10.0 (VS2010)

time: Sun Feb 16 21:31:24 2020
timezone: RTZ 2 (зима)
elapsed time: 13 seconds (0d 0h 0m 13s)

