JvmtiExport can_access_local_variables 0
JvmtiExport can_hotswap_or_post_breakpoint 0
JvmtiExport can_post_on_exceptions 0
# 192 ciObject found
ciMethod java/lang/Object <init> ()V 4097 1 1139266 0 0
ciMethod java/lang/String <init> ([CII)V 3297 1 10738 0 704
ciMethod java/lang/String indexOf (II)I 1449 84873 989 0 384
ciMethod java/lang/String indexOfSupplementary (II)I 0 0 1 0 -1
ciMethod java/lang/String substring (II)Ljava/lang/String; 2049 1 10564 0 992
ciMethod java/lang/System arraycopy (Ljava/lang/Object;ILjava/lang/Object;II)V 5121 1 640 0 -1
ciMethod java/lang/AbstractStringBuilder <init> (I)V 1281 1 49790 0 -1
ciMethod java/lang/AbstractStringBuilder append (Ljava/lang/String;)Ljava/lang/AbstractStringBuilder; 2353 1 5560 0 -1
ciMethod java/lang/StringBuilder <init> ()V 977 1 37295 0 192
ciMethod java/lang/StringBuilder append (Ljava/lang/String;)Ljava/lang/StringBuilder; 2065 1 83290 0 992
ciMethod java/lang/StringBuilder append (Z)Ljava/lang/StringBuilder; 0 0 1 0 -1
ciMethod java/lang/StringBuilder toString ()Ljava/lang/String; 1057 1 41763 0 832
ciMethod java/lang/Boolean booleanValue ()Z 1073 1 134 0 -1
ciMethod java/lang/Boolean valueOf (Z)Ljava/lang/Boolean; 3185 1 42605 0 64
ciMethod java/util/ArrayList add (Ljava/lang/Object;)Z 401 1 49993 0 -1
ciMethod java/lang/Math min (II)I 3601 1 99237 0 -1
ciMethod java/util/Arrays copyOfRange ([CII)[C 3505 1 5660 0 512
ciMethod java/lang/Enum ordinal ()I 1049 1 131 0 0
ciMethodData java/lang/Object <init> ()V 2 1139314 orig 264 8 206 247 106 0 0 0 0 128 4 52 23 0 0 0 0 32 1 0 0 0 0 0 0 0 0 0 0 0 0 0 0 0 0 0 0 0 0 0 0 0 0 0 0 0 0 0 0 0 0 0 0 0 0 0 0 0 0 0 0 0 0 0 0 0 0 0 0 0 0 0 0 0 0 0 0 0 0 0 0 77 68 79 32 101 120 116 114 97 32 100 97 116 97 32 108 111 99 107 0 0 0 0 0 0 0 0 0 0 0 0 0 0 0 0 0 0 0 0 0 0 0 0 0 0 0 0 0 0 0 0 0 0 0 0 0 0 0 0 0 0 0 0 0 0 0 0 0 0 0 0 0 0 0 0 0 0 0 0 0 0 0 0 0 0 0 0 0 0 0 0 0 0 0 0 0 0 0 0 0 0 0 0 0 1 0 0 0 0 0 0 0 1 0 0 0 0 0 0 0 1 0 0 0 0 0 0 0 0 0 0 0 0 0 0 0 0 2 0 0 145 3 139 0 1 0 0 0 0 0 0 0 0 0 0 0 2 0 0 0 0 0 3 0 1 0 0 0 0 0 0 0 255 255 255 255 0 0 0 0 0 0 0 0 data 0 oops 0
ciMethodData java/lang/String indexOf (II)I 2 40318 orig 264 8 206 247 106 0 0 0 0 128 81 52 23 0 0 0 0 16 2 0 0 88 0 0 0 0 0 0 0 0 0 0 0 0 0 0 0 0 0 0 0 0 0 0 0 0 0 0 0 0 0 0 0 0 0 0 0 0 0 0 0 0 0 0 0 0 0 0 0 0 0 0 0 0 0 0 0 0 0 0 0 77 68 79 32 101 120 116 114 97 32 100 97 116 97 32 108 111 99 107 0 0 0 0 0 0 0 0 0 0 0 0 0 0 0 0 0 0 0 0 0 0 0 0 0 0 0 0 0 0 0 0 0 0 0 0 0 0 0 0 0 0 0 0 0 0 0 0 0 0 0 0 0 0 0 0 0 0 0 0 0 0 0 0 0 0 0 0 0 0 0 0 0 0 0 0 0 0 0 0 0 0 0 0 0 17 0 0 0 0 0 0 0 0 0 0 0 0 0 0 0 0 0 0 0 0 0 0 0 0 0 0 0 0 0 0 0 113 41 0 0 65 25 0 0 105 160 3 0 0 0 0 0 0 0 0 0 2 0 0 0 1 0 15 0 2 0 0 0 224 0 0 0 255 255 255 255 7 0 7 0 0 0 0 0 data 28 0x70007 0x328 0x38 0x0 0xc0003 0x0 0x38 0x110007 0x2f7 0x20 0x31 0x190007 0x0 0x78 0x2f7 0x280007 0x220 0x58 0x74e4 0x310007 0x740d 0x20 0xd7 0x3a0003 0x740d 0xffffffffffffffc0 0x420002 0x0 oops 0
ciMethodData java/util/Arrays copyOfRange ([CII)[C 2 5660 orig 264 8 206 247 106 0 0 0 0 112 183 69 23 0 0 0 0 120 2 0 0 240 0 0 0 0 0 0 0 0 0 0 0 0 0 0 0 0 0 0 0 0 0 0 0 0 0 0 0 0 0 0 0 0 0 0 0 0 0 0 0 0 0 0 0 0 0 0 0 0 0 0 0 0 0 0 0 0 0 0 0 77 68 79 32 101 120 116 114 97 32 100 97 116 97 32 108 111 99 107 0 0 0 0 0 0 0 0 0 0 0 0 0 0 0 0 0 0 0 0 0 0 0 0 0 0 0 0 0 0 0 0 0 0 0 0 0 0 0 0 0 0 0 0 0 0 0 0 0 0 0 0 0 0 0 0 0 0 0 0 0 0 0 0 0 0 0 0 0 0 0 0 0 0 0 0 0 0 0 0 0 0 0 0 0 0 0 0 0 0 0 0 0 0 0 0 0 0 0 0 0 0 0 0 0 0 0 0 0 0 0 0 0 0 0 0 0 182 1 0 0 49 163 0 0 1 0 0 0 0 0 0 0 0 0 0 0 2 0 0 0 0 0 9 0 2 0 0 0 32 1 0 0 255 255 255 255 7 0 5 0 0 0 0 0 data 36 0x50007 0x1466 0x100 0x0 0x100002 0x0 0x140005 0x0 0x0 0x0 0x0 0x0 0x190005 0x0 0x0 0x0 0x0 0x0 0x1d0005 0x0 0x0 0x0 0x0 0x0 0x200005 0x0 0x0 0x0 0x0 0x0 0x230002 0x0 0x360002 0x1466 0x390002 0x1466 oops 0
ciMethodData java/lang/String <init> ([CII)V 2 10738 orig 264 8 206 247 106 0 0 0 0 160 49 52 23 0 0 0 0 80 2 0 0 64 0 0 0 0 0 0 0 0 0 0 0 0 0 0 0 0 0 0 0 0 0 0 0 0 0 0 0 0 0 0 0 0 0 0 0 0 0 0 0 0 0 0 0 0 0 0 0 0 0 0 0 0 0 0 0 0 0 0 0 77 68 79 32 101 120 116 114 97 32 100 97 116 97 32 108 111 99 107 0 0 0 0 0 0 0 0 0 0 0 0 0 0 0 0 0 0 0 0 0 0 0 0 0 0 0 0 0 0 0 0 0 0 0 0 0 0 0 0 0 0 0 0 0 1 0 0 0 1 0 0 0 0 0 0 0 0 0 0 0 0 0 0 0 0 0 0 0 0 0 0 0 0 0 0 0 0 0 0 3 0 0 0 0 0 0 0 0 0 0 0 0 0 0 0 0 0 0 0 0 0 0 0 0 0 0 0 0 0 0 0 0 0 0 0 0 156 1 0 0 177 66 1 0 1 0 0 0 86 40 0 0 0 0 0 0 2 0 0 0 0 0 14 0 2 0 0 0 240 0 0 0 255 255 255 255 2 0 1 0 0 0 0 0 data 30 0x10002 0x2856 0x50007 0x2856 0x30 0x0 0xd0002 0x0 0x12e007 0x2855 0x70 0x4 0x160007 0x4 0x30 0x0 0x1e0002 0x0 0x250007 0x0 0x20 0x4 0x370007 0x2855 0x30 0x0 0x410002 0x0 0x4b0002 0x2855 oops 0
ciMethodData java/lang/String substring (II)Ljava/lang/String; 2 10564 orig 264 8 206 247 106 0 0 0 0 184 92 52 23 0 0 0 0 40 2 0 0 208 0 0 0 0 0 0 0 0 0 0 0 0 0 0 0 0 0 0 0 0 0 0 0 0 0 0 0 0 0 0 0 0 0 0 0 0 0 0 0 0 0 0 0 0 0 0 0 0 0 0 0 0 0 0 0 0 0 0 0 77 68 79 32 101 120 116 114 97 32 100 97 116 97 32 108 111 99 107 0 0 0 0 0 0 0 0 0 0 0 0 0 0 0 0 0 0 0 0 0 0 0 0 0 0 0 0 0 0 0 0 0 0 0 0 0 0 0 0 0 0 0 0 0 1 0 0 0 0 0 0 0 0 0 0 0 0 0 0 0 0 0 0 0 0 0 0 0 0 0 0 0 0 0 0 0 0 0 0 0 0 0 0 0 25 0 0 0 0 0 0 0 0 0 0 0 0 0 0 0 0 0 0 0 0 0 0 0 0 0 0 0 0 0 0 0 0 1 0 0 33 66 1 0 1 0 0 0 58 20 0 0 0 0 0 0 2 0 0 0 0 0 15 0 2 0 0 0 248 0 0 0 255 255 255 255 7 0 1 0 0 0 0 0 data 31 0x10007 0x2844 0x30 0x0 0x90002 0x0 0x130007 0x2844 0x30 0x0 0x1b0002 0x0 0x240007 0x2844 0x30 0x0 0x2c0002 0x0 0x310007 0x58f 0x58 0x22b5 0x3a0007 0x1b72 0x38 0x743 0x3e0003 0x743 0x28 0x4b0002 0x2101 oops 0
ciMethodData java/lang/Boolean valueOf (Z)Ljava/lang/Boolean; 2 42657 orig 264 8 206 247 106 0 0 0 0 160 122 61 23 0 0 0 0 88 1 0 0 0 0 0 0 0 0 0 0 0 0 0 0 0 0 0 0 0 0 0 0 0 0 0 0 0 0 0 0 0 0 0 0 0 0 0 0 0 0 0 0 0 0 0 0 0 0 0 0 0 0 0 0 0 0 0 0 0 0 0 0 77 68 79 32 101 120 116 114 97 32 100 97 116 97 32 108 111 99 107 0 0 0 0 0 0 0 0 0 0 0 0 0 0 0 0 0 0 0 0 0 0 0 0 0 0 0 0 0 0 0 0 0 0 0 0 0 0 0 0 0 0 0 0 0 0 0 0 0 0 0 0 0 0 0 0 0 0 0 0 0 0 0 0 0 0 0 0 0 0 0 0 0 0 0 0 0 0 0 0 0 0 0 0 0 0 0 0 0 0 0 0 0 0 0 0 0 0 0 0 0 0 0 0 0 0 0 0 0 0 0 0 0 0 0 0 0 142 1 0 0 153 40 5 0 1 0 0 0 0 0 0 0 0 0 0 0 2 0 0 0 0 0 6 0 2 0 0 0 56 0 0 0 255 255 255 255 7 0 1 0 0 0 0 0 data 7 0x10007 0x47d9 0x38 0x5d3a 0x70003 0x5d3a 0x18 oops 0
ciMethod kotlin/jvm/internal/Intrinsics checkExpressionValueIsNotNull (Ljava/lang/Object;Ljava/lang/String;)V 3553 1 5660 0 64
ciMethod kotlin/jvm/internal/Intrinsics checkParameterIsNotNull (Ljava/lang/Object;Ljava/lang/String;)V 3977 1 1254818 0 64
ciMethod kotlin/jvm/internal/Intrinsics throwParameterIsNullException (Ljava/lang/String;)V 0 0 1 0 -1
ciMethod org/jetbrains/kotlin/com/intellij/openapi/diagnostic/Logger error (Ljava/lang/String;)V 0 0 1 0 -1
ciMethod kotlin/jvm/functions/Function2 invoke (Ljava/lang/Object;Ljava/lang/Object;)Ljava/lang/Object; 0 0 1 0 -1
ciMethodData kotlin/jvm/internal/Intrinsics checkParameterIsNotNull (Ljava/lang/Object;Ljava/lang/String;)V 2 1255026 orig 264 8 206 247 106 0 0 0 0 152 206 118 23 0 0 0 0 128 1 0 0 0 0 0 0 0 0 0 0 0 0 0 0 0 0 0 0 0 0 0 0 0 0 0 0 0 0 0 0 0 0 0 0 0 0 0 0 0 0 0 0 0 0 0 0 0 0 0 0 0 0 0 0 0 0 0 0 0 0 0 0 77 68 79 32 101 120 116 114 97 32 100 97 116 97 32 108 111 99 107 0 0 0 0 0 0 0 0 0 0 0 0 0 0 0 0 0 0 0 0 0 0 0 0 0 0 0 0 0 0 0 0 0 0 0 0 0 0 0 0 0 0 0 0 0 0 0 0 0 0 0 0 0 0 0 0 0 0 0 0 0 0 0 0 0 0 0 0 0 0 0 0 0 0 0 0 0 0 0 0 0 0 0 0 0 17 0 0 0 0 0 0 0 0 0 0 0 0 0 0 0 3 0 0 0 0 0 0 0 0 0 0 0 0 0 0 0 238 1 0 0 177 35 153 0 1 0 0 0 0 0 0 0 0 0 0 0 2 0 0 0 0 0 6 0 2 0 0 0 48 0 0 0 255 255 255 255 7 0 1 0 0 0 0 0 data 6 0x10007 0x13247c 0x30 0x0 0x50002 0x0 oops 0
ciMethodData kotlin/jvm/internal/Intrinsics checkExpressionValueIsNotNull (Ljava/lang/Object;Ljava/lang/String;)V 2 5660 orig 264 8 206 247 106 0 0 0 0 48 201 118 23 0 0 0 0 96 2 0 0 0 0 0 0 0 0 0 0 0 0 0 0 0 0 0 0 0 0 0 0 0 0 0 0 0 0 0 0 0 0 0 0 0 0 0 0 0 0 0 0 0 0 0 0 0 0 0 0 0 0 0 0 0 0 0 0 0 0 0 0 77 68 79 32 101 120 116 114 97 32 100 97 116 97 32 108 111 99 107 0 0 0 0 0 0 0 0 0 0 0 0 0 0 0 0 0 0 0 0 0 0 0 0 0 0 0 0 0 0 0 0 0 0 0 0 0 0 0 0 0 0 0 0 0 0 0 0 0 0 0 0 0 0 0 0 0 0 0 0 0 0 0 0 0 0 0 0 0 0 0 0 0 0 0 0 0 0 0 0 0 0 0 0 0 0 0 0 0 0 0 0 0 0 0 0 0 0 0 0 0 0 0 0 0 0 0 0 0 0 0 0 0 0 0 0 0 188 1 0 0 1 163 0 0 1 0 0 0 0 0 0 0 0 0 0 0 2 0 0 0 0 0 10 0 2 0 0 0 16 1 0 0 255 255 255 255 7 0 1 0 0 0 0 0 data 34 0x10007 0x1460 0x110 0x0 0xc0002 0x0 0x100005 0x0 0x0 0x0 0x0 0x0 0x150005 0x0 0x0 0x0 0x0 0x0 0x180005 0x0 0x0 0x0 0x0 0x0 0x1b0002 0x0 0x1e0002 0x0 0x210004 0x0 0x0 0x0 0x0 0x0 oops 0
ciMethod kotlin/text/StringsKt__StringsKt substringBefore (Ljava/lang/String;CLjava/lang/String;)Ljava/lang/String; 4097 1 5421 0 0
ciMethod kotlin/text/StringsKt__StringsKt substringBefore$default (Ljava/lang/String;CLjava/lang/String;ILjava/lang/Object;)Ljava/lang/String; 4097 1 5421 0 0
ciMethod kotlin/text/StringsKt__StringsKt indexOfAny (Ljava/lang/CharSequence;[CIZ)I 0 0 1 0 -1
ciMethod kotlin/text/StringsKt__StringsKt indexOf (Ljava/lang/CharSequence;CIZ)I 4097 1 5646 0 480
ciMethod kotlin/text/StringsKt__StringsKt indexOf$default (Ljava/lang/CharSequence;CIZILjava/lang/Object;)I 4097 1 7180 0 0
ciMethod org/jetbrains/kotlin/com/intellij/openapi/vfs/VirtualFile getPath ()Ljava/lang/String; 0 0 1 0 -1
ciMethod org/jetbrains/kotlin/com/intellij/openapi/vfs/VirtualFile isValid ()Z 0 0 1 0 -1
ciMethod org/jetbrains/kotlin/com/intellij/openapi/vfs/VirtualFile getChildren ()[Lorg/jetbrains/kotlin/com/intellij/openapi/vfs/VirtualFile; 0 0 1 0 -1
ciMethod org/jetbrains/kotlin/com/intellij/openapi/vfs/VirtualFile findChild (Ljava/lang/String;)Lorg/jetbrains/kotlin/com/intellij/openapi/vfs/VirtualFile; 929 1009 4565 0 3584
ciMethod org/jetbrains/kotlin/com/intellij/openapi/vfs/VirtualFile nameEquals (Ljava/lang/String;)Z 2601 1 16411 0 -1
ciMethod org/jetbrains/kotlin/com/intellij/openapi/vfs/VirtualFile $$$reportNull$$$0 (I)V 0 0 1 0 -1
ciMethod org/jetbrains/kotlin/com/intellij/psi/search/SearchScope contains (Lorg/jetbrains/kotlin/com/intellij/openapi/vfs/VirtualFile;)Z 0 0 1 0 -1
ciMethod org/jetbrains/kotlin/cli/jvm/compiler/KotlinCliJavaFileManagerImpl findVirtualFileGivenPackage (Lorg/jetbrains/kotlin/com/intellij/openapi/vfs/VirtualFile;Ljava/lang/String;Lorg/jetbrains/kotlin/cli/jvm/index/JavaRoot$RootType;)Lorg/jetbrains/kotlin/com/intellij/openapi/vfs/VirtualFile; 4097 1 5417 0 0
ciMethod org/jetbrains/kotlin/cli/jvm/compiler/KotlinCliJavaFileManagerImpl access$findPsiClassInVirtualFile (Lorg/jetbrains/kotlin/cli/jvm/compiler/KotlinCliJavaFileManagerImpl;Lorg/jetbrains/kotlin/com/intellij/openapi/vfs/VirtualFile;Ljava/lang/String;)Lorg/jetbrains/kotlin/com/intellij/psi/PsiClass; 0 0 1 0 -1
ciMethod org/jetbrains/kotlin/cli/jvm/compiler/KotlinCliJavaFileManagerImpl access$findVirtualFileGivenPackage (Lorg/jetbrains/kotlin/cli/jvm/compiler/KotlinCliJavaFileManagerImpl;Lorg/jetbrains/kotlin/com/intellij/openapi/vfs/VirtualFile;Ljava/lang/String;Lorg/jetbrains/kotlin/cli/jvm/index/JavaRoot$RootType;)Lorg/jetbrains/kotlin/com/intellij/openapi/vfs/VirtualFile; 4097 1 5417 0 0
ciMethod org/jetbrains/kotlin/com/intellij/openapi/vfs/impl/jar/CoreJarVirtualFile isValid ()Z 1025 1 128 0 0
ciMethodData org/jetbrains/kotlin/com/intellij/openapi/vfs/VirtualFile findChild (Ljava/lang/String;)Lorg/jetbrains/kotlin/com/intellij/openapi/vfs/VirtualFile; 2 14776 orig 264 8 206 247 106 0 0 0 0 8 226 114 27 0 0 0 0 88 2 0 0 96 0 0 0 0 0 0 0 0 0 0 0 0 0 0 0 0 0 0 0 0 0 0 0 0 0 0 0 0 0 0 0 0 0 0 0 0 0 0 0 0 0 0 0 0 0 0 0 0 0 0 0 0 0 0 0 0 0 0 0 77 68 79 32 101 120 116 114 97 32 100 97 116 97 32 108 111 99 107 0 0 0 0 0 0 0 0 0 0 0 0 0 0 0 0 0 0 0 0 0 0 0 0 0 0 0 0 0 0 0 0 0 0 0 0 0 0 0 0 0 0 0 0 0 0 0 0 0 0 0 0 0 0 0 0 0 0 0 0 0 0 0 0 0 0 0 0 0 0 0 0 0 0 0 0 0 0 0 0 0 0 0 0 0 17 0 0 0 0 0 0 0 0 0 0 0 0 0 0 0 0 0 0 0 0 0 0 0 0 0 0 0 0 0 0 0 126 0 0 0 9 139 0 0 209 201 1 0 0 0 0 0 0 0 0 0 2 0 0 0 1 0 17 0 2 0 0 0 8 1 0 0 255 255 255 255 7 0 1 0 0 0 0 0 data 33 0x10007 0x1161 0x30 0x0 0x60002 0x0 0xa0005 0x0 0x1de138e0 0x10d3 0x1de13990 0x8e 0xf0007 0x1161 0x20 0x0 0x210007 0xb38 0x88 0x3f63 0x2d0005 0x0 0x1de138e0 0x3dc8 0x1de13990 0x19b 0x300007 0x393a 0x20 0x629 0x390003 0x393a 0xffffffffffffff90 oops 4 8 org/jetbrains/kotlin/com/intellij/openapi/vfs/impl/jar/CoreJarVirtualFile 10 org/jetbrains/kotlin/com/intellij/openapi/vfs/local/CoreLocalVirtualFile 22 org/jetbrains/kotlin/com/intellij/openapi/vfs/impl/jar/CoreJarVirtualFile 24 org/jetbrains/kotlin/com/intellij/openapi/vfs/local/CoreLocalVirtualFile
ciMethod org/jetbrains/kotlin/cli/jvm/index/JvmDependenciesIndexImpl$traverseDirectoriesInPackage$1 invoke (Ljava/lang/Object;Ljava/lang/Object;)Ljava/lang/Object; 2249 1 5438 0 -1
ciMethod org/jetbrains/kotlin/cli/jvm/index/JvmDependenciesIndexImpl$traverseDirectoriesInPackage$1 invoke (Lorg/jetbrains/kotlin/com/intellij/openapi/vfs/VirtualFile;Lorg/jetbrains/kotlin/cli/jvm/index/JavaRoot$RootType;)Lkotlin/Unit; 2513 1 5520 0 0
ciMethod org/jetbrains/kotlin/cli/jvm/compiler/KotlinCliJavaFileManagerImpl$findClasses$1$$special$$inlined$forEachClassId$lambda$1 invoke (Ljava/lang/Object;Ljava/lang/Object;)Ljava/lang/Object; 4097 1 5148 0 0
ciMethod org/jetbrains/kotlin/cli/jvm/compiler/KotlinCliJavaFileManagerImpl$findClasses$1$$special$$inlined$forEachClassId$lambda$1 invoke (Lorg/jetbrains/kotlin/com/intellij/openapi/vfs/VirtualFile;Lorg/jetbrains/kotlin/cli/jvm/index/JavaRoot$RootType;)Z 4097 1 5148 0 0
ciMethodData org/jetbrains/kotlin/cli/jvm/index/JvmDependenciesIndexImpl$traverseDirectoriesInPackage$1 invoke (Ljava/lang/Object;Ljava/lang/Object;)Ljava/lang/Object; 2 5494 orig 264 8 206 247 106 0 0 0 0 216 173 108 32 0 0 0 0 232 1 0 0 0 0 0 0 0 0 0 0 0 0 0 0 0 0 0 0 0 0 0 0 0 0 0 0 0 0 0 0 0 0 0 0 0 0 0 0 0 0 0 0 0 0 0 0 0 0 0 0 0 0 0 0 0 0 0 0 0 0 0 0 77 68 79 32 101 120 116 114 97 32 100 97 116 97 32 108 111 99 107 0 0 0 0 0 0 0 0 0 0 0 0 0 0 0 0 0 0 0 0 0 0 0 0 0 0 0 0 0 0 0 0 0 0 0 0 0 0 0 0 0 0 0 0 0 0 0 0 0 0 0 0 0 0 0 0 0 0 0 0 0 0 0 0 0 0 0 0 0 0 0 0 0 0 0 0 0 0 0 0 0 0 0 0 0 0 0 0 0 0 0 0 0 0 0 0 0 0 0 0 0 0 0 0 0 0 0 0 0 0 0 0 0 0 0 0 0 23 1 0 0 193 162 0 0 1 0 0 0 0 0 0 0 0 0 0 0 2 0 0 0 0 0 3 0 2 0 0 0 144 0 0 0 255 255 255 255 4 0 2 0 0 0 0 0 data 18 0x20004 0x0 0x1de138e0 0x1401 0x1de13990 0x57 0x60004 0x0 0x1de13a40 0x1458 0x0 0x0 0x90005 0x93 0x1de134b0 0x13c5 0x0 0x0 oops 4 2 org/jetbrains/kotlin/com/intellij/openapi/vfs/impl/jar/CoreJarVirtualFile 4 org/jetbrains/kotlin/com/intellij/openapi/vfs/local/CoreLocalVirtualFile 8 org/jetbrains/kotlin/cli/jvm/index/JavaRoot$RootType 14 org/jetbrains/kotlin/cli/jvm/index/JvmDependenciesIndexImpl$traverseDirectoriesInPackage$1
ciMethodData org/jetbrains/kotlin/cli/jvm/index/JvmDependenciesIndexImpl$traverseDirectoriesInPackage$1 invoke (Lorg/jetbrains/kotlin/com/intellij/openapi/vfs/VirtualFile;Lorg/jetbrains/kotlin/cli/jvm/index/JavaRoot$RootType;)Lkotlin/Unit; 2 5520 orig 264 8 206 247 106 0 0 0 0 184 174 108 32 0 0 0 0 64 2 0 0 0 0 0 0 0 0 0 0 0 0 0 0 0 0 0 0 0 0 0 0 0 0 0 0 0 0 0 0 0 0 0 0 0 0 0 0 0 0 0 0 0 0 0 0 0 0 0 0 0 0 0 0 0 0 0 0 0 0 0 0 77 68 79 32 101 120 116 114 97 32 100 97 116 97 32 108 111 99 107 0 0 0 0 0 0 0 0 0 0 0 0 0 0 0 0 0 0 0 0 0 0 0 0 0 0 0 0 0 0 0 0 0 0 0 0 0 0 0 0 0 0 0 0 0 0 0 0 0 0 0 0 0 0 0 0 0 0 0 0 0 0 0 0 0 0 0 0 0 0 0 0 0 0 0 0 0 0 0 0 0 0 0 0 0 0 0 0 0 0 0 0 0 0 0 0 0 0 0 0 0 0 0 0 0 0 0 0 0 0 0 0 0 0 0 0 0 55 1 0 0 177 162 0 0 1 0 0 0 0 0 0 0 0 0 0 0 2 0 0 0 0 0 14 0 2 0 0 0 232 0 0 0 255 255 255 255 2 0 3 0 0 0 0 0 data 29 0x30002 0x1456 0x90002 0x1456 0x120005 0x71 0x1de16d30 0x13b6 0x1de16de0 0x2f 0x170004 0x0 0x19b23900 0x1456 0x0 0x0 0x1a0005 0x74 0x19b23900 0x13e2 0x0 0x0 0x1d0007 0x2f 0x38 0x1427 0x210003 0x1427 0x18 oops 4 6 org/jetbrains/kotlin/cli/jvm/compiler/KotlinCliJavaFileManagerImpl$findClasses$1$$special$$inlined$forEachClassId$lambda$1 8 org/jetbrains/kotlin/cli/jvm/compiler/KotlinCliJavaFileManagerImpl$findPackage$1 12 java/lang/Boolean 18 java/lang/Boolean
ciMethodData kotlin/text/StringsKt__StringsKt indexOf$default (Ljava/lang/CharSequence;CIZILjava/lang/Object;)I 2 7180 orig 264 8 206 247 106 0 0 0 0 192 251 139 23 0 0 0 0 192 1 0 0 32 0 0 0 0 0 0 0 0 0 0 0 0 0 0 0 0 0 0 0 0 0 0 0 0 0 0 0 0 0 0 0 0 0 0 0 0 0 0 0 0 0 0 0 0 0 0 0 0 0 0 0 0 0 0 0 0 0 0 0 77 68 79 32 101 120 116 114 97 32 100 97 116 97 32 108 111 99 107 0 0 0 0 0 0 0 0 0 0 0 0 0 0 0 0 0 0 0 0 0 0 0 0 0 0 0 0 0 0 0 0 0 0 0 0 0 0 0 0 0 0 0 0 0 0 0 0 0 0 0 0 0 0 0 0 0 0 0 0 0 0 0 0 0 0 0 0 0 0 0 0 0 0 0 0 0 0 0 0 0 0 0 0 0 0 0 0 0 0 0 0 0 0 0 0 0 0 0 0 0 0 0 0 0 0 0 0 0 0 0 0 0 0 0 0 0 0 2 0 0 97 208 0 0 1 0 0 0 0 0 0 0 0 0 0 0 2 0 0 0 0 0 9 0 2 0 0 0 80 0 0 0 255 255 255 255 7 0 4 0 0 0 0 0 data 10 0x40007 0x0 0x20 0x1a0c 0xd0007 0x5d9 0x20 0x1433 0x160002 0x1a0c oops 0
ciMethodData kotlin/text/StringsKt__StringsKt indexOf (Ljava/lang/CharSequence;CIZ)I 2 5646 orig 264 8 206 247 106 0 0 0 0 0 251 139 23 0 0 0 0 104 2 0 0 144 0 0 0 0 0 0 0 0 0 0 0 0 0 0 0 0 0 0 0 0 0 0 0 0 0 0 0 0 0 0 0 0 0 0 0 0 0 0 0 0 0 0 0 0 0 0 0 0 0 0 0 0 0 0 0 0 0 0 0 77 68 79 32 101 120 116 114 97 32 100 97 116 97 32 108 111 99 107 0 0 0 0 0 0 0 0 0 0 0 0 0 0 0 0 0 0 0 0 0 0 0 0 0 0 0 0 0 0 0 0 0 0 0 0 0 0 0 0 0 0 0 0 0 0 0 0 0 0 0 0 0 0 0 0 0 0 0 0 0 0 0 0 0 0 0 0 0 0 0 0 0 0 0 0 0 0 0 0 0 0 0 0 0 0 0 0 0 0 0 0 0 0 0 0 0 0 0 0 0 0 0 0 0 0 0 0 0 0 0 0 0 0 0 0 0 0 2 0 0 113 160 0 0 1 0 0 0 0 0 0 0 0 0 0 0 2 0 0 0 0 0 13 0 2 0 0 0 8 1 0 0 255 255 255 255 2 0 4 0 0 0 0 0 data 33 0x40002 0x140e 0x80007 0x0 0x70 0x140e 0xc0004 0x0 0x2f4a3a0 0x140e 0x0 0x0 0xf0007 0x140e 0x48 0x0 0x1c0002 0x0 0x1f0003 0x0 0x78 0x230004 0x0 0x2f4a3a0 0x140e 0x0 0x0 0x2f0005 0x2a 0x2f4a3a0 0x13e4 0x0 0x0 oops 3 8 java/lang/String 23 java/lang/String 29 java/lang/String
ciMethodData kotlin/text/StringsKt__StringsKt substringBefore$default (Ljava/lang/String;CLjava/lang/String;ILjava/lang/Object;)Ljava/lang/String; 2 5421 orig 264 8 206 247 106 0 0 0 0 152 166 139 23 0 0 0 0 152 1 0 0 0 0 0 0 0 0 0 0 0 0 0 0 0 0 0 0 0 0 0 0 0 0 0 0 0 0 0 0 0 0 0 0 0 0 0 0 0 0 0 0 0 0 0 0 0 0 0 0 0 0 0 0 0 0 0 0 0 0 0 0 77 68 79 32 101 120 116 114 97 32 100 97 116 97 32 108 111 99 107 0 0 0 0 0 0 0 0 0 0 0 0 0 0 0 0 0 0 0 0 0 0 0 0 0 0 0 0 0 0 0 0 0 0 0 0 0 0 0 0 0 0 0 0 0 0 0 0 0 0 0 0 0 0 0 0 0 0 0 0 0 0 0 0 0 0 0 0 0 0 0 0 0 0 0 0 0 0 0 0 0 0 0 0 0 0 0 0 0 0 0 0 0 0 0 0 0 0 0 0 0 0 0 0 0 0 0 0 0 0 0 0 0 0 0 0 0 0 2 0 0 105 153 0 0 1 0 0 0 0 0 0 0 0 0 0 0 2 0 0 0 0 0 6 0 2 0 0 0 48 0 0 0 255 255 255 255 7 0 3 0 0 0 0 0 data 6 0x30007 0x0 0x20 0x132d 0xb0002 0x132d oops 0
ciMethodData kotlin/text/StringsKt__StringsKt substringBefore (Ljava/lang/String;CLjava/lang/String;)Ljava/lang/String; 2 5421 orig 264 8 206 247 106 0 0 0 0 224 165 139 23 0 0 0 0 48 2 0 0 128 0 0 0 0 0 0 0 0 0 0 0 0 0 0 0 0 0 0 0 0 0 0 0 0 0 0 0 0 0 0 0 0 0 0 0 0 0 0 0 0 0 0 0 0 0 0 0 0 0 0 0 0 0 0 0 0 0 0 0 77 68 79 32 101 120 116 114 97 32 100 97 116 97 32 108 111 99 107 0 0 0 0 0 0 0 0 0 0 0 0 0 0 0 0 0 0 0 0 0 0 0 0 0 0 0 0 0 0 0 0 0 0 0 0 0 0 0 0 0 0 0 0 0 0 0 0 0 0 0 0 0 0 0 0 0 0 0 0 0 0 0 0 0 0 0 0 0 0 0 0 0 0 0 0 0 0 0 0 0 0 0 0 0 0 0 0 0 0 0 0 0 0 0 0 0 0 0 0 0 0 0 0 0 0 0 0 0 0 0 0 0 0 0 0 0 0 2 0 0 105 153 0 0 1 0 0 0 0 0 0 0 0 0 0 0 2 0 0 0 0 0 19 0 2 0 0 0 216 0 0 0 255 255 255 255 2 0 4 0 0 0 0 0 data 27 0x40002 0x132d 0xb0002 0x132d 0xf0004 0x0 0x2f4a3a0 0x66 0x0 0x0 0x180002 0x132d 0x1e0007 0x1240 0x38 0xed 0x220003 0xed 0x58 0x330005 0x66 0x2f4a3a0 0x11da 0x0 0x0 0x3a0002 0x1240 oops 2 6 java/lang/String 21 java/lang/String
ciMethodData org/jetbrains/kotlin/cli/jvm/compiler/KotlinCliJavaFileManagerImpl access$findVirtualFileGivenPackage (Lorg/jetbrains/kotlin/cli/jvm/compiler/KotlinCliJavaFileManagerImpl;Lorg/jetbrains/kotlin/com/intellij/openapi/vfs/VirtualFile;Ljava/lang/String;Lorg/jetbrains/kotlin/cli/jvm/index/JavaRoot$RootType;)Lorg/jetbrains/kotlin/com/intellij/openapi/vfs/VirtualFile; 2 5417 orig 264 8 206 247 106 0 0 0 0 56 178 173 28 0 0 0 0 72 1 0 0 0 0 0 0 0 0 0 0 0 0 0 0 0 0 0 0 0 0 0 0 0 0 0 0 0 0 0 0 0 0 0 0 0 0 0 0 0 0 0 0 0 0 0 0 0 0 0 0 0 0 0 0 0 0 0 0 0 0 0 0 77 68 79 32 101 120 116 114 97 32 100 97 116 97 32 108 111 99 107 0 0 0 0 0 0 0 0 0 0 0 0 0 0 0 0 0 0 0 0 0 0 0 0 0 0 0 0 0 0 0 0 0 0 0 0 0 0 0 0 0 0 0 0 0 0 0 0 0 0 0 0 0 0 0 0 0 0 0 0 0 0 0 0 0 0 0 0 0 0 0 0 0 0 0 0 0 0 0 0 0 0 0 0 0 0 0 0 0 0 0 0 0 0 0 0 0 0 0 0 0 0 0 0 0 0 0 0 0 0 0 0 0 0 0 0 0 0 2 0 0 73 153 0 0 1 0 0 0 0 0 0 0 0 0 0 0 2 0 0 0 0 0 3 0 2 0 0 0 16 0 0 0 255 255 255 255 2 0 4 0 0 0 0 0 data 2 0x40002 0x1329 oops 0
ciMethodData org/jetbrains/kotlin/cli/jvm/compiler/KotlinCliJavaFileManagerImpl findVirtualFileGivenPackage (Lorg/jetbrains/kotlin/com/intellij/openapi/vfs/VirtualFile;Ljava/lang/String;Lorg/jetbrains/kotlin/cli/jvm/index/JavaRoot$RootType;)Lorg/jetbrains/kotlin/com/intellij/openapi/vfs/VirtualFile; 2 5417 orig 264 8 206 247 106 0 0 0 0 96 169 173 28 0 0 0 0 120 6 0 0 128 2 0 0 0 0 0 0 0 0 0 0 0 0 0 0 0 0 0 0 0 0 0 0 0 0 0 0 0 0 0 0 0 0 0 0 0 0 0 0 0 0 0 0 0 0 0 0 0 0 0 0 0 0 0 0 0 0 0 0 77 68 79 32 101 120 116 114 97 32 100 97 116 97 32 108 111 99 107 0 0 0 0 0 0 0 0 0 0 0 0 0 0 0 0 0 0 0 0 0 0 0 0 0 0 0 0 0 0 0 0 0 0 0 0 0 0 0 0 0 0 0 0 0 0 0 0 0 0 0 0 0 0 0 0 0 0 0 0 0 0 0 0 0 0 0 0 0 0 0 0 0 0 0 0 0 0 0 0 0 0 0 0 0 0 0 0 0 0 0 0 0 0 0 0 0 0 0 0 0 0 0 0 0 0 0 0 0 0 0 0 0 0 0 0 0 0 2 0 0 73 153 0 0 1 0 0 0 0 0 0 0 0 0 0 0 2 0 0 0 0 0 15 0 2 0 0 0 24 5 0 0 255 255 255 255 2 0 6 0 0 0 0 0 data 163 0x60002 0x1329 0x100005 0x62 0x1de13a40 0x12c7 0x0 0x0 0x140008 0x6 0x0 0x210 0x62 0x40 0x0 0x128 0x310002 0x12d0 0x360005 0x62 0x19b23100 0x126e 0x0 0x0 0x3c0005 0x62 0x19b23100 0x126e 0x0 0x0 0x3f0005 0x62 0x19b23100 0x126e 0x0 0x0 0x420005 0x0 0x1de138e0 0x12d0 0x0 0x0 0x450003 0x12d0 0x110 0x4d0002 0x59 0x520005 0x0 0x19b23100 0x59 0x0 0x0 0x580005 0x0 0x19b23100 0x59 0x0 0x0 0x5b0005 0x0 0x19b23100 0x59 0x0 0x0 0x5e0005 0x0 0x1de13990 0x59 0x0 0x0 0x610003 0x59 0x28 0x680002 0x0 0x6d0007 0x12a1 0x38 0x88 0x700003 0x88 0x18 0x7e0002 0x88 0x810005 0x0 0x1de138e0 0x88 0x0 0x0 0x840007 0x88 0x240 0x0 0x8e0002 0x0 0x940005 0x0 0x0 0x0 0x0 0x0 0x990005 0x0 0x0 0x0 0x0 0x0 0x9c0005 0x0 0x0 0x0 0x0 0x0 0xa20005 0x0 0x0 0x0 0x0 0x0 0xa60005 0x0 0x0 0x0 0x0 0x0 0xa90005 0x0 0x0 0x0 0x0 0x0 0xaf0005 0x0 0x0 0x0 0x0 0x0 0xb30005 0x0 0x0 0x0 0x0 0x0 0xb60005 0x0 0x0 0x0 0x0 0x0 0xb90005 0x0 0x0 0x0 0x0 0x0 0xbc0005 0x0 0x0 0x0 0x0 0x0 oops 10 4 org/jetbrains/kotlin/cli/jvm/index/JavaRoot$RootType 20 java/lang/StringBuilder 26 java/lang/StringBuilder 32 java/lang/StringBuilder 38 org/jetbrains/kotlin/com/intellij/openapi/vfs/impl/jar/CoreJarVirtualFile 49 java/lang/StringBuilder 55 java/lang/StringBuilder 61 java/lang/StringBuilder 67 org/jetbrains/kotlin/com/intellij/openapi/vfs/local/CoreLocalVirtualFile 87 org/jetbrains/kotlin/com/intellij/openapi/vfs/impl/jar/CoreJarVirtualFile
ciMethodData org/jetbrains/kotlin/cli/jvm/compiler/KotlinCliJavaFileManagerImpl$findClasses$1$$special$$inlined$forEachClassId$lambda$1 invoke (Ljava/lang/Object;Ljava/lang/Object;)Ljava/lang/Object; 2 5148 orig 264 8 206 247 106 0 0 0 0 120 54 168 32 0 0 0 0 248 1 0 0 0 0 0 0 0 0 0 0 0 0 0 0 0 0 0 0 0 0 0 0 0 0 0 0 0 0 0 0 0 0 0 0 0 0 0 0 0 0 0 0 0 0 0 0 0 0 0 0 0 0 0 0 0 0 0 0 0 0 0 0 77 68 79 32 101 120 116 114 97 32 100 97 116 97 32 108 111 99 107 0 0 0 0 0 0 0 0 0 0 0 0 0 0 0 0 0 0 0 0 0 0 0 0 0 0 0 0 0 0 0 0 0 0 0 0 0 0 0 0 0 0 0 0 0 0 0 0 0 0 0 0 0 0 0 0 0 0 0 0 0 0 0 0 0 0 0 0 0 0 0 0 0 0 0 0 0 0 0 0 0 0 0 0 0 0 0 0 0 0 0 0 0 0 0 0 0 0 0 0 0 0 0 0 0 0 0 0 0 0 0 0 0 0 0 0 0 0 2 0 0 225 144 0 0 1 0 0 0 0 0 0 0 0 0 0 0 2 0 0 0 0 0 7 0 2 0 0 0 160 0 0 0 255 255 255 255 4 0 2 0 0 0 0 0 data 20 0x20004 0x0 0x1de138e0 0x11d6 0x1de13990 0x46 0x60004 0x0 0x1de13a40 0x121c 0x0 0x0 0x90005 0x14 0x1de16d30 0x1208 0x0 0x0 0xc0002 0x121c oops 4 2 org/jetbrains/kotlin/com/intellij/openapi/vfs/impl/jar/CoreJarVirtualFile 4 org/jetbrains/kotlin/com/intellij/openapi/vfs/local/CoreLocalVirtualFile 8 org/jetbrains/kotlin/cli/jvm/index/JavaRoot$RootType 14 org/jetbrains/kotlin/cli/jvm/compiler/KotlinCliJavaFileManagerImpl$findClasses$1$$special$$inlined$forEachClassId$lambda$1
ciMethodData org/jetbrains/kotlin/cli/jvm/compiler/KotlinCliJavaFileManagerImpl$findClasses$1$$special$$inlined$forEachClassId$lambda$1 invoke (Lorg/jetbrains/kotlin/com/intellij/openapi/vfs/VirtualFile;Lorg/jetbrains/kotlin/cli/jvm/index/JavaRoot$RootType;)Z 2 5148 orig 264 8 206 247 106 0 0 0 0 216 55 168 32 0 0 0 0 200 2 0 0 8 1 0 0 0 0 0 0 0 0 0 0 0 0 0 0 0 0 0 0 0 0 0 0 0 0 0 0 0 0 0 0 0 0 0 0 0 0 0 0 0 0 0 0 0 0 0 0 0 0 0 0 0 0 0 0 0 0 0 0 77 68 79 32 101 120 116 114 97 32 100 97 116 97 32 108 111 99 107 0 0 0 0 0 0 0 0 0 0 0 0 0 0 0 0 0 0 0 0 0 0 0 0 0 0 0 0 0 0 0 0 0 0 0 0 0 0 0 0 0 0 0 0 0 0 0 0 0 0 0 0 0 0 0 0 0 0 0 0 0 0 0 0 0 0 0 0 0 0 0 0 0 0 0 0 0 0 0 0 0 0 0 0 0 0 0 0 0 0 0 0 0 0 0 0 0 0 0 0 0 0 0 0 0 0 0 0 0 0 0 0 0 0 0 0 0 0 2 0 0 225 144 0 0 1 0 0 0 0 0 0 0 0 0 0 0 2 0 0 0 0 0 23 0 2 0 0 0 112 1 0 0 255 255 255 255 2 0 3 0 0 0 0 0 data 46 0x30002 0x121c 0x90002 0x121c 0x1b0002 0x121c 0x1f0002 0x121c 0x230007 0x121c 0xe0 0x0 0x3c0005 0x0 0x0 0x0 0x0 0x0 0x3f0007 0x0 0x38 0x0 0x430003 0x0 0x18 0x480007 0x0 0x58 0x0 0x5a0002 0x0 0x5d0002 0x0 0x600003 0x0 0x18 0x690007 0x121c 0x50 0x0 0x720005 0x0 0x0 0x0 0x0 0x0 oops 0
instanceKlass org/jetbrains/kotlin/resolve/OverridingUtil$2
instanceKlass org/jetbrains/kotlin/descriptors/impl/PropertyDescriptorImpl$CopyConfiguration
instanceKlass org/jetbrains/kotlin/utils/SmartSet$ArrayIterator
instanceKlass org/jetbrains/kotlin/resolve/jvm/kotlinSignature/SignaturesPropagationData$$Lambda$152
instanceKlass java/lang/invoke/LambdaForm$DMH
instanceKlass org/jetbrains/kotlin/resolve/jvm/kotlinSignature/SignaturesPropagationData$VarargCheckResult
instanceKlass java/lang/invoke/LambdaForm$MH
instanceKlass java/lang/invoke/LambdaForm$DMH
instanceKlass java/lang/invoke/LambdaForm$DMH
instanceKlass org/jetbrains/kotlin/resolve/jvm/kotlinSignature/SignaturesPropagationData$$Lambda$151
instanceKlass org/jetbrains/kotlin/resolve/jvm/kotlinSignature/SignaturesPropagationData$TypeAndName
instanceKlass org/jetbrains/kotlin/resolve/MemberComparator$NameAndTypeMemberComparator
instanceKlass org/jetbrains/kotlin/load/java/lazy/types/RawSubstitution$WhenMappings
instanceKlass org/jetbrains/kotlin/builtins/KotlinBuiltIns$Primitives
instanceKlass kotlin/sequences/DropSequence$iterator$1
instanceKlass kotlin/sequences/TakeWhileSequence$iterator$1
instanceKlass kotlin/sequences/TakeWhileSequence
instanceKlass kotlin/sequences/DropSequence
instanceKlass org/jetbrains/kotlin/resolve/jvm/AsmTypes$$Lambda$150
instanceKlass java/lang/invoke/LambdaForm$DMH
instanceKlass org/jetbrains/kotlin/resolve/jvm/AsmTypes
instanceKlass org/jetbrains/kotlin/codegen/StackValue
instanceKlass org/jetbrains/kotlin/codegen/AsmUtil
instanceKlass org/jetbrains/kotlin/resolve/jvm/jvmSignature/JvmMethodParameterSignature
instanceKlass org/jetbrains/kotlin/resolve/OverridingUtil$8
instanceKlass org/jetbrains/kotlin/resolve/OverridingUtil$7
instanceKlass org/jetbrains/kotlin/resolve/VisibilityUtilKt
instanceKlass org/jetbrains/kotlin/types/StarProjectionImplKt
instanceKlass java/util/AbstractList$1
instanceKlass org/jetbrains/kotlin/load/kotlin/TypeMappingMode$WhenMappings
instanceKlass org/jetbrains/kotlin/codegen/binding/CodegenBinding
instanceKlass org/jetbrains/kotlin/resolve/scopes/DescriptorKindExclude
instanceKlass org/jetbrains/kotlin/resolve/lazy/descriptors/LazyClassDescriptor$$Lambda$149
instanceKlass org/jetbrains/kotlin/psi/KtPropertyAccessor$$Lambda$148
instanceKlass org/jetbrains/kotlin/load/java/components/JavaAnnotationTargetMapper
instanceKlass org/jetbrains/kotlin/load/java/lazy/descriptors/JavaDescriptorUtilKt
instanceKlass org/jetbrains/kotlin/resolve/scopes/ScopeUtils
instanceKlass org/jetbrains/kotlin/psi/KtProperty$$Lambda$147
instanceKlass org/jetbrains/kotlin/resolve/VariableAsPropertyInfo$Companion
instanceKlass org/jetbrains/kotlin/resolve/VariableAsPropertyInfo
instanceKlass org/jetbrains/kotlin/resolve/lazy/descriptors/ClassResolutionScopesSupportKt
instanceKlass org/jetbrains/kotlin/resolve/calls/checkers/CoroutineCallCheckerKt
instanceKlass org/jetbrains/kotlin/descriptors/ConstUtilKt
instanceKlass org/jetbrains/kotlin/descriptors/ConstUtil
instanceKlass org/jetbrains/kotlin/resolve/scopes/receivers/TypeParameterQualifier
instanceKlass org/jetbrains/kotlin/resolve/QualifiedExpressionResolveUtilKt
instanceKlass org/jetbrains/kotlin/resolve/calls/context/ResolutionResultsCache$CachedData
instanceKlass org/jetbrains/kotlin/resolve/scopes/receivers/SuperCallReceiverValue
instanceKlass kotlin/sequences/SequencesKt___SequencesKt$asIterable$$inlined$Iterable$1
instanceKlass org/jetbrains/kotlin/load/java/lazy/descriptors/LazyJavaStaticClassScope$flatMapJavaStaticSupertypesScopes$1
instanceKlass org/jetbrains/kotlin/resolve/scopes/receivers/QualifierReceiver$DefaultImpls
instanceKlass org/jetbrains/kotlin/resolve/scopes/receivers/Qualifier$DefaultImpls
instanceKlass org/jetbrains/kotlin/resolve/scopes/receivers/ClassifierQualifier$DefaultImpls
instanceKlass org/jetbrains/kotlin/resolve/calls/CallExpressionResolver$getSafeOrUnsafeSelectorTypeInfo$callOperationNode$1
instanceKlass org/jetbrains/kotlin/resolve/calls/CallExpressionElement
instanceKlass org/jetbrains/kotlin/resolve/calls/CallExpressionResolver$WhenMappings
instanceKlass org/jetbrains/kotlin/resolve/calls/CallExpressionUnrollerKt
instanceKlass org/jetbrains/kotlin/resolve/calls/model/DefaultValueArgument
instanceKlass org/jetbrains/kotlin/resolve/calls/model/ExpressionValueArgument
instanceKlass org/jetbrains/kotlin/load/kotlin/ModuleVisibilityUtilsKt
instanceKlass org/jetbrains/kotlin/types/TypeAliasExpansionReportStrategy$DO_NOTHING
instanceKlass org/jetbrains/kotlin/types/TypeAliasExpander$Companion
instanceKlass org/jetbrains/kotlin/types/TypeAliasExpander
instanceKlass org/jetbrains/kotlin/types/TypeAliasExpansion$Companion
instanceKlass org/jetbrains/kotlin/types/TypeAliasExpansion
instanceKlass org/jetbrains/kotlin/resolve/TypeResolver$TracingTypeAliasExpansionReportStrategy
instanceKlass org/jetbrains/kotlin/types/TypeAliasExpansionReportStrategy
instanceKlass org/jetbrains/kotlin/resolve/SinceKotlinValue
instanceKlass org/jetbrains/kotlin/descriptors/impl/TypeAliasConstructorDescriptorImpl$Companion
instanceKlass org/jetbrains/kotlin/descriptors/impl/AbstractTypeAliasDescriptor$typeConstructor$1
instanceKlass org/jetbrains/kotlin/serialization/deserialization/AnnotationDeserializer$WhenMappings
instanceKlass org/jetbrains/kotlin/resolve/descriptorUtil/DescriptorUtilsKt$declaresOrInheritsDefaultValue$1
instanceKlass org/jetbrains/kotlin/util/Check$DefaultImpls
instanceKlass org/jetbrains/kotlin/resolve/constants/KClassValue$Value
instanceKlass org/jetbrains/kotlin/resolve/constants/ClassLiteralValue
instanceKlass org/jetbrains/kotlin/resolve/constants/KClassValue$Companion
instanceKlass org/jetbrains/kotlin/types/AbstractTypeChecker$WhenMappings
instanceKlass org/jetbrains/kotlin/types/checker/NewCapturedTypeKt
instanceKlass org/jetbrains/kotlin/descriptors/ModalityKt
instanceKlass org/jetbrains/kotlin/types/AbstractTypeCheckerContext$SupertypesPolicy
instanceKlass org/jetbrains/kotlin/resolve/calls/smartcasts/IdentifierInfo$NO
instanceKlass org/jetbrains/kotlin/resolve/calls/smartcasts/IdentifierInfo$PackageOrClass
instanceKlass org/jetbrains/kotlin/resolve/calls/smartcasts/IdentifierInfoKt
instanceKlass org/jetbrains/kotlin/types/expressions/DoubleColonExpressionResolverKt
instanceKlass org/jetbrains/kotlin/types/expressions/DoubleColonExpressionResolver$LHSResolutionResult
instanceKlass org/jetbrains/kotlin/resolve/calls/results/OverloadResolutionResultsUtil
instanceKlass org/jetbrains/kotlin/resolve/calls/tasks/TracingStrategy$1
instanceKlass org/jetbrains/kotlin/resolve/DescriptorEquivalenceForOverrides
instanceKlass org/jetbrains/kotlin/resolve/DescriptorToSourceUtils
instanceKlass org/jetbrains/kotlin/resolve/calls/results/OverloadingConflictResolver$filterOutEquivalentCalls$$inlined$sortedBy$1
instanceKlass org/jetbrains/kotlin/resolve/calls/model/KotlinCallDiagnostic
instanceKlass org/jetbrains/kotlin/resolve/calls/components/ArgumentsUtilsKt$hasDefaultValue$1
instanceKlass org/jetbrains/kotlin/resolve/calls/components/ArgumentsUtilsKt
instanceKlass org/jetbrains/kotlin/resolve/calls/tower/CandidateWithBoundDispatchReceiver
instanceKlass org/jetbrains/kotlin/resolve/calls/util/IsFromStdlibJre7Or8Kt
instanceKlass org/jetbrains/kotlin/resolve/calls/CallTransformer
instanceKlass org/jetbrains/kotlin/resolve/calls/tower/AbstractInvokeTowerProcessor
instanceKlass org/jetbrains/kotlin/resolve/calls/tower/NewResolutionOldInference$CandidateFactoryProviderForInvokeImpl
instanceKlass org/jetbrains/kotlin/resolve/calls/tower/CandidateFactoryProviderForInvoke
instanceKlass org/jetbrains/kotlin/diagnostics/AbstractDiagnostic
instanceKlass org/jetbrains/kotlin/resolve/calls/tower/ErrorCandidate
instanceKlass org/jetbrains/kotlin/resolve/calls/tower/ErrorCandidateFactoryKt$WhenMappings
instanceKlass org/jetbrains/kotlin/resolve/calls/tower/ErrorCandidateContext
instanceKlass org/jetbrains/kotlin/resolve/calls/tower/ErrorCandidateFactoryKt
instanceKlass org/jetbrains/kotlin/resolve/calls/tower/TowerLevelsKt
instanceKlass org/jetbrains/kotlin/resolve/scopes/MemberScopeKt
instanceKlass org/jetbrains/kotlin/synthetic/JavaSyntheticPropertiesScope$SyntheticPropertyHolder$Companion
instanceKlass org/jetbrains/kotlin/synthetic/JavaSyntheticPropertiesScope$SyntheticPropertyHolder
instanceKlass javaslang/collection/LinkedHashSet$$Lambda$146
instanceKlass javaslang/Tuple2
instanceKlass javaslang/Tuple
instanceKlass javaslang/collection/IteratorModule$EmptyIterator
instanceKlass javaslang/collection/AbstractIterator
instanceKlass javaslang/collection/List$Nil
instanceKlass javaslang/collection/List
instanceKlass javaslang/collection/Stack
instanceKlass javaslang/collection/Queue
instanceKlass javaslang/collection/LinearSeq
instanceKlass javaslang/collection/LinkedHashMap
instanceKlass javaslang/collection/LinkedHashSet
instanceKlass org/jetbrains/kotlin/resolve/scopes/receivers/ReceiverValueWithSmartCastInfo
instanceKlass org/jetbrains/kotlin/resolve/calls/smartcasts/DataFlowValueKt
instanceKlass org/jetbrains/kotlin/resolve/calls/smartcasts/IdentifierInfo$Receiver
instanceKlass org/jetbrains/kotlin/resolve/calls/smartcasts/IdentifierInfo$DefaultImpls
instanceKlass org/jetbrains/kotlin/resolve/calls/smartcasts/IdentifierInfo$ERROR
instanceKlass org/jetbrains/kotlin/resolve/calls/smartcasts/IdentifierInfo
instanceKlass org/jetbrains/kotlin/resolve/calls/smartcasts/DataFlowValue$Companion
instanceKlass org/jetbrains/kotlin/resolve/scopes/DeprecatedLexicalScope
instanceKlass org/jetbrains/kotlin/resolve/calls/tower/SimpleScopeTowerProcessor$DefaultImpls
instanceKlass org/jetbrains/kotlin/resolve/calls/tower/AbstractScopeTowerLevel
instanceKlass org/jetbrains/kotlin/resolve/calls/tower/ScopeTowerLevel
instanceKlass org/jetbrains/kotlin/resolve/descriptorUtil/AnnotationsForResolveKt
instanceKlass org/jetbrains/kotlin/resolve/calls/tower/TowerResolver$Task
instanceKlass org/jetbrains/kotlin/resolve/calls/tower/AbstractSimpleScopeTowerProcessor
instanceKlass org/jetbrains/kotlin/resolve/calls/tower/SimpleScopeTowerProcessor
instanceKlass org/jetbrains/kotlin/resolve/calls/tower/PrioritizedCompositeScopeTowerProcessor
instanceKlass org/jetbrains/kotlin/resolve/calls/tower/ScopeTowerProcessorsKt
instanceKlass org/jetbrains/kotlin/resolve/calls/tower/NewResolutionOldInference$CandidateFactoryImpl
instanceKlass org/jetbrains/kotlin/resolve/calls/tower/NewResolutionOldInference$ImplicitScopeTowerImpl
instanceKlass java/lang/invoke/LambdaForm$MH
instanceKlass org/jetbrains/kotlin/resolve/calls/CallResolver$$Lambda$145
instanceKlass org/jetbrains/kotlin/resolve/calls/util/CallMaker$CallImpl
instanceKlass org/jetbrains/kotlin/resolve/calls/context/TemporaryResolutionResultsCache
instanceKlass org/jetbrains/kotlin/resolve/calls/context/TemporaryTraceAndCache
instanceKlass org/jetbrains/kotlin/resolve/OverridingUtil$4
instanceKlass org/jetbrains/kotlin/util/capitalizeDecapitalize/CapitalizeDecapitalizeKt
instanceKlass org/jetbrains/kotlin/descriptors/impl/FunctionDescriptorImpl$1
instanceKlass org/jetbrains/kotlin/types/typesApproximation/CapturedTypeApproximationKt
instanceKlass org/jetbrains/kotlin/types/DeferredType$$Lambda$144
instanceKlass java/lang/invoke/LambdaForm$MH
instanceKlass org/jetbrains/kotlin/resolve/DescriptorResolver$$Lambda$143
instanceKlass org/jetbrains/kotlin/resolve/jvm/jvmSignature/KotlinToJvmSignatureMapperKt
instanceKlass org/jetbrains/kotlin/resolve/jvm/jvmSignature/JvmMethodSignature
instanceKlass org/jetbrains/org/objectweb/asm/commons/Method
instanceKlass org/jetbrains/kotlin/resolve/jvm/InlineClassManglingRulesKt
instanceKlass org/jetbrains/kotlin/codegen/state/InlineClassManglingUtilsKt
instanceKlass org/jetbrains/kotlin/descriptors/ScriptDescriptor
instanceKlass org/jetbrains/kotlin/codegen/AccessorForCallableDescriptor
instanceKlass org/jetbrains/kotlin/codegen/signature/AsmTypeFactory
instanceKlass org/jetbrains/kotlin/load/kotlin/JvmDescriptorTypeWriter
instanceKlass org/jetbrains/kotlin/load/kotlin/KotlinJvmBinaryClassUtilKt
instanceKlass org/jetbrains/kotlin/codegen/context/CodegenContext
instanceKlass org/jetbrains/kotlin/codegen/JvmCodegenUtil
instanceKlass org/jetbrains/kotlin/codegen/coroutines/CoroutineCodegenUtilKt$INITIAL_SUSPEND_DESCRIPTOR_FOR_DO_RESUME$1
instanceKlass org/jetbrains/kotlin/codegen/coroutines/CoroutineCodegenUtilKt$INITIAL_DESCRIPTOR_FOR_SUSPEND_FUNCTION$1
instanceKlass org/jetbrains/kotlin/codegen/CodegenUtilKt
instanceKlass org/jetbrains/kotlin/config/CoroutineLanguageVersionSettingsUtilKt
instanceKlass org/jetbrains/kotlin/codegen/coroutines/CoroutineCodegenUtilKt
instanceKlass org/jetbrains/kotlin/resolve/ImportedFromObjectCallableDescriptor
instanceKlass org/jetbrains/kotlin/codegen/OwnerKind$Companion
instanceKlass javaslang/control/Option$None
instanceKlass org/jetbrains/kotlin/types/checker/TypeCheckingProcedure$1
instanceKlass org/jetbrains/kotlin/resolve/OverridingUtil$3
instanceKlass org/jetbrains/kotlin/types/checker/ClassicTypeSystemContextKt$WhenMappings
instanceKlass org/jetbrains/kotlin/types/checker/ClassicTypeSystemContextKt
instanceKlass org/jetbrains/kotlin/types/TypeIntersector
instanceKlass org/jetbrains/kotlin/resolve/DescriptorResolver$UpperBoundCheckRequest
instanceKlass org/jetbrains/kotlin/resolve/DescriptorResolver$$Lambda$142
instanceKlass org/jetbrains/kotlin/descriptors/annotations/AnnotationsImpl
instanceKlass org/jetbrains/kotlin/descriptors/annotations/BuiltInAnnotationDescriptor
instanceKlass org/jetbrains/kotlin/load/java/components/DescriptorResolverUtils$1$1
instanceKlass org/jetbrains/kotlin/types/NotNullTypeVariable
instanceKlass org/jetbrains/kotlin/resolve/OverridingUtil$5
instanceKlass org/jetbrains/kotlin/resolve/OverridingUtil$6
instanceKlass org/jetbrains/kotlin/load/java/ErasedOverridabilityCondition$WhenMappings
instanceKlass org/jetbrains/kotlin/types/TypeSubstitutor$2
instanceKlass org/jetbrains/kotlin/types/checker/SubtypePathNode
instanceKlass org/jetbrains/kotlin/types/checker/UtilsKt
instanceKlass org/jetbrains/kotlin/types/TypeCapabilitiesKt
instanceKlass java/util/Collections$2
instanceKlass org/jetbrains/kotlin/load/kotlin/ModuleNameKt
instanceKlass org/jetbrains/kotlin/serialization/js/KotlinJavascriptPackageFragment$JsContainerSource
instanceKlass org/jetbrains/kotlin/js/resolve/ModuleAnnotationsKt
instanceKlass org/jetbrains/kotlin/resolve/inline/InlineUtil
instanceKlass org/jetbrains/kotlin/synthetic/SamAdapterExtensionFunctionDescriptor
instanceKlass org/jetbrains/kotlin/synthetic/SyntheticJavaPropertyDescriptor
instanceKlass org/jetbrains/kotlin/descriptors/SyntheticPropertyDescriptor
instanceKlass org/jetbrains/kotlin/contracts/parsing/ContractsDslNames
instanceKlass org/jetbrains/kotlin/contracts/parsing/PsiContractsUtilsKt
instanceKlass org/jetbrains/kotlin/resolve/calls/resolvedCallUtil/ResolvedCallUtilKt$WhenMappings
instanceKlass org/jetbrains/kotlin/resolve/calls/resolvedCallUtil/ResolvedCallUtilKt
instanceKlass org/jetbrains/kotlin/coroutines/CoroutineUtilKt
instanceKlass org/jetbrains/kotlin/resolve/calls/checkers/ConstructorHeaderCallCheckerKt
instanceKlass org/jetbrains/kotlin/resolve/calls/tasks/DynamicCallsKt
instanceKlass org/jetbrains/kotlin/resolve/calls/checkers/CallCheckerKt
instanceKlass org/jetbrains/kotlin/psi/KtPsiFactoryKt
instanceKlass org/jetbrains/kotlin/resolve/InlineClassesUtilsKt
instanceKlass java/security/CodeSigner
instanceKlass org/jetbrains/kotlin/resolve/jvm/RuntimeAssertionsDataFlowExtras
instanceKlass org/jetbrains/kotlin/resolve/jvm/RuntimeAssertionInfo$DataFlowExtras
instanceKlass org/jetbrains/kotlin/resolve/jvm/RuntimeAssertionInfo$Companion
instanceKlass org/jetbrains/kotlin/resolve/jvm/RuntimeAssertionInfo
instanceKlass org/jetbrains/kotlin/resolve/jvm/checkers/EnhancedNullabilityInfo
instanceKlass org/jetbrains/kotlin/resolve/jvm/checkers/JavaNullabilityCheckerKt
instanceKlass org/jetbrains/kotlin/resolve/ImplicitIntegerCoercionKt
instanceKlass org/jetbrains/kotlin/resolve/ImplicitIntegerCoercion
instanceKlass org/jetbrains/kotlin/resolve/constants/IntegerValueTypeConstant
instanceKlass org/jetbrains/kotlin/resolve/calls/GenericCandidateResolverKt
instanceKlass org/jetbrains/kotlin/resolve/RecursiveContractHelperKt
instanceKlass org/jetbrains/kotlin/resolve/calls/inference/CoroutineInferenceUtilKt
instanceKlass org/jetbrains/kotlin/util/slicedMap/SlicedMapImpl$$Lambda$141
instanceKlass java/lang/invoke/LambdaForm$DMH
instanceKlass org/jetbrains/kotlin/resolve/BindingContextUtils$$Lambda$140
instanceKlass org/jetbrains/kotlin/resolve/TraceEntryFilter
instanceKlass org/jetbrains/kotlin/resolve/calls/model/VariableAsFunctionResolvedCallImpl
instanceKlass org/jetbrains/kotlin/resolve/calls/model/VariableAsFunctionMutableResolvedCall
instanceKlass org/jetbrains/kotlin/resolve/calls/model/VariableAsFunctionResolvedCall
instanceKlass org/jetbrains/kotlin/resolve/calls/tower/KnownResultProcessor
instanceKlass org/jetbrains/kotlin/resolve/calls/tower/TowerUtilsKt
instanceKlass org/jetbrains/kotlin/resolve/calls/tower/ImplicitScopeTowerKt
instanceKlass org/jetbrains/kotlin/resolve/calls/tower/NewResolutionOldInference$MyCandidate
instanceKlass org/jetbrains/kotlin/resolve/calls/tower/NewResolutionOldInferenceKt$WhenMappings
instanceKlass org/jetbrains/kotlin/resolve/calls/util/DelegatingCall
instanceKlass org/jetbrains/kotlin/types/ErrorUtils$UninferredParameterTypeConstructor
instanceKlass org/jetbrains/kotlin/types/ErrorUtils$3
instanceKlass org/jetbrains/kotlin/types/FunctionPlaceholderTypeConstructor
instanceKlass org/jetbrains/kotlin/types/FunctionPlaceholdersKt
instanceKlass org/jetbrains/kotlin/resolve/calls/model/ArgumentMatchImpl
instanceKlass org/jetbrains/kotlin/resolve/calls/model/ArgumentMatch
instanceKlass org/jetbrains/kotlin/resolve/calls/ValueArgumentsToParametersMapper$Processor$$Lambda$139
instanceKlass org/jetbrains/kotlin/resolve/calls/model/VarargValueArgument
instanceKlass org/jetbrains/kotlin/resolve/calls/callUtil/CallUtilKt
instanceKlass org/jetbrains/kotlin/resolve/calls/ValueArgumentsToParametersMapper$Processor$2
instanceKlass org/jetbrains/kotlin/resolve/calls/ValueArgumentsToParametersMapper$Processor$1
instanceKlass org/jetbrains/kotlin/resolve/calls/ValueArgumentsToParametersMapper$Processor$ProcessorState
instanceKlass org/jetbrains/kotlin/resolve/calls/ValueArgumentsToParametersMapper$Processor
instanceKlass org/jetbrains/kotlin/resolve/calls/ValueArgumentsToParametersMapper
instanceKlass org/jetbrains/kotlin/resolve/calls/CandidateResolver$WhenMappings
instanceKlass org/jetbrains/kotlin/resolve/calls/smartcasts/SmartCastUtilKt
instanceKlass org/jetbrains/kotlin/resolve/deprecation/DeprecationKt$DEPRECATED_FUNCTION_KEY$1
instanceKlass org/jetbrains/kotlin/resolve/deprecation/DeprecationKt
instanceKlass org/jetbrains/kotlin/resolve/calls/checkers/OperatorCallCheckerKt
instanceKlass org/jetbrains/kotlin/resolve/calls/tower/NewResolutionOldInferenceKt
instanceKlass org/jetbrains/kotlin/resolve/calls/model/ArgumentMapping
instanceKlass org/jetbrains/kotlin/resolve/calls/model/ResolvedCallImpl
instanceKlass org/jetbrains/kotlin/resolve/calls/model/MutableResolvedCall
instanceKlass org/jetbrains/kotlin/util/LookupTrackerUtilKt
instanceKlass org/jetbrains/kotlin/resolve/constants/CompileTimeConstant$DefaultImpls
instanceKlass org/jetbrains/kotlin/resolve/constants/TypedCompileTimeConstant
instanceKlass org/jetbrains/kotlin/resolve/constants/CompileTimeConstant$Parameters
instanceKlass org/jetbrains/kotlin/com/intellij/psi/impl/source/tree/RecursiveTreeElementWalkingVisitor$ASTTreeGuide
instanceKlass org/jetbrains/kotlin/com/intellij/util/WalkingState
instanceKlass org/jetbrains/kotlin/com/intellij/psi/impl/source/tree/AstBufferUtil
instanceKlass org/jetbrains/kotlin/types/expressions/typeInfoFactory/TypeInfoFactoryKt
instanceKlass org/jetbrains/kotlin/types/expressions/ExpressionTypingVisitorDispatcher$$Lambda$138
instanceKlass org/jetbrains/kotlin/builtins/UnsignedTypes
instanceKlass org/jetbrains/kotlin/psi/KtPsiUtil$KtExpressionWrapper
instanceKlass org/jetbrains/kotlin/resolve/calls/CallResolver$ResolutionTask
instanceKlass java/lang/invoke/LambdaForm$MH
instanceKlass org/jetbrains/kotlin/resolve/calls/CallResolver$$Lambda$137
instanceKlass org/jetbrains/kotlin/resolve/calls/tasks/AbstractTracingStrategy
instanceKlass org/jetbrains/kotlin/load/java/sam/SamAdapterDescriptor
instanceKlass org/jetbrains/kotlin/load/java/sam/SingleAbstractMethodUtils$FunctionInitializer
instanceKlass org/jetbrains/kotlin/load/java/sam/SamTypeAliasConstructorDescriptor
instanceKlass org/jetbrains/kotlin/load/java/sam/SamConstructorDescriptor
instanceKlass org/jetbrains/kotlin/descriptors/synthetic/SyntheticMemberDescriptor
instanceKlass org/jetbrains/kotlin/descriptors/DeclarationDescriptorWithNavigationSubstitute
instanceKlass org/jetbrains/kotlin/load/java/sam/SingleAbstractMethodUtils
instanceKlass org/jetbrains/kotlin/resolve/scopes/SyntheticScopesKt
instanceKlass org/jetbrains/kotlin/resolve/calls/callResolverUtil/CallResolverUtilKt
instanceKlass org/jetbrains/kotlin/descriptors/annotations/AnnotationDescriptor$DefaultImpls
instanceKlass org/jetbrains/kotlin/descriptors/annotations/AnnotationDescriptorImpl
instanceKlass org/jetbrains/kotlin/resolve/constants/ConstantValueFactory
instanceKlass org/jetbrains/kotlin/serialization/deserialization/SuspendFunctionTypeUtilKt
instanceKlass org/jetbrains/kotlin/metadata/deserialization/VersionRequirement$Companion
instanceKlass org/jetbrains/kotlin/metadata/deserialization/VersionRequirement
instanceKlass org/jetbrains/kotlin/serialization/deserialization/descriptors/DeserializedMemberDescriptor$DefaultImpls
instanceKlass org/jetbrains/kotlin/serialization/deserialization/descriptors/DeserializedCallableMemberDescriptor$DefaultImpls
instanceKlass org/jetbrains/kotlin/serialization/deserialization/descriptors/DeserializedCallableMemberDescriptor
instanceKlass org/jetbrains/kotlin/load/kotlin/BinaryClassAnnotationAndConstantLoaderImpl$loadAnnotation$1$visitArray$1
instanceKlass org/jetbrains/kotlin/load/kotlin/BinaryClassAnnotationAndConstantLoaderImpl$loadAnnotation$1
instanceKlass org/jetbrains/kotlin/load/kotlin/AbstractBinaryClassAnnotationAndConstantLoader$loadClassAnnotations$1
instanceKlass org/jetbrains/kotlin/load/java/components/JavaAnnotationDescriptor
instanceKlass org/jetbrains/kotlin/descriptors/EffectiveVisibility
instanceKlass org/jetbrains/kotlin/load/java/JavaVisibilities
instanceKlass org/jetbrains/kotlin/load/java/structure/JavaMethod$DefaultImpls
instanceKlass org/jetbrains/kotlin/resolve/calls/context/ResolutionResultsCacheImpl
instanceKlass org/jetbrains/kotlin/resolve/calls/context/ResolutionContext$$Lambda$136
instanceKlass org/jetbrains/kotlin/resolve/calls/context/ResolutionResultsCache
instanceKlass org/jetbrains/kotlin/resolve/calls/components/InferenceSession$Companion$default$1
instanceKlass org/jetbrains/kotlin/resolve/calls/components/InferenceSession$Companion
instanceKlass org/jetbrains/kotlin/resolve/calls/util/CallMaker$3
instanceKlass org/jetbrains/kotlin/resolve/calls/util/CallMaker
instanceKlass org/jetbrains/kotlin/types/DisjointKeysUnionTypeSubstitution$Companion
instanceKlass org/jetbrains/kotlin/types/DescriptorSubstitutor
instanceKlass org/jetbrains/kotlin/descriptors/impl/FunctionDescriptorImpl$CopyConfiguration
instanceKlass org/jetbrains/kotlin/load/java/descriptors/ValueParameterData
instanceKlass org/jetbrains/kotlin/load/java/descriptors/AnnotationDefaultValue
instanceKlass org/jetbrains/kotlin/load/java/typeEnhancement/TypeEnhancementKt$WhenMappings
instanceKlass org/jetbrains/kotlin/load/java/typeEnhancement/EnhancementResult
instanceKlass org/jetbrains/kotlin/types/AbstractStrictEqualityTypeChecker
instanceKlass org/jetbrains/kotlin/types/checker/StrictEqualityTypeChecker
instanceKlass org/jetbrains/kotlin/descriptors/annotations/Annotations$DefaultImpls
instanceKlass org/jetbrains/kotlin/load/java/AnnotationTypeQualifierResolverKt
instanceKlass org/jetbrains/kotlin/load/java/structure/JavaAnnotation$DefaultImpls
instanceKlass org/jetbrains/kotlin/load/java/lazy/descriptors/LazyJavaAnnotationDescriptor
instanceKlass org/jetbrains/kotlin/load/java/descriptors/PossiblyExternalAnnotationDescriptor
instanceKlass org/jetbrains/kotlin/load/kotlin/JvmType
instanceKlass org/jetbrains/kotlin/types/checker/SimpleClassicTypeSystemContext
instanceKlass org/jetbrains/kotlin/utils/FunctionsKt
instanceKlass org/jetbrains/kotlin/load/kotlin/TypeMappingMode$Companion
instanceKlass org/jetbrains/kotlin/load/kotlin/TypeMappingMode
instanceKlass org/jetbrains/kotlin/load/kotlin/JvmTypeFactoryImpl
instanceKlass org/jetbrains/kotlin/load/kotlin/JvmTypeFactory
instanceKlass org/jetbrains/kotlin/descriptors/deserialization/AdditionalClassPartsProvider$None
instanceKlass org/jetbrains/kotlin/descriptors/deserialization/PlatformDependentDeclarationFilter$NoPlatformDependent
instanceKlass org/jetbrains/kotlin/builtins/DefaultBuiltIns$Companion
instanceKlass org/jetbrains/kotlin/builtins/SuspendFunctionTypesKt
instanceKlass org/jetbrains/kotlin/load/java/descriptors/UtilKt
instanceKlass java/util/ArrayList$ArrayListSpliterator
instanceKlass org/jetbrains/kotlin/types/FlexibleTypeImpl$Companion
instanceKlass org/jetbrains/kotlin/resolve/scopes/receivers/AbstractReceiverValue
instanceKlass org/jetbrains/kotlin/resolve/lazy/ForceResolveUtil
instanceKlass org/jetbrains/kotlin/utils/SmartSet$SingletonIterator
instanceKlass org/jetbrains/kotlin/resolve/OverridingUtil$9
instanceKlass org/jetbrains/kotlin/resolve/OverridingUtil$OverrideCompatibilityInfo
instanceKlass org/jetbrains/kotlin/types/checker/TypeCheckerProcedureCallbacksImpl
instanceKlass org/jetbrains/kotlin/types/checker/TypeCheckingProcedure
instanceKlass org/jetbrains/kotlin/types/checker/TypeCheckingProcedureCallbacks
instanceKlass org/jetbrains/kotlin/types/checker/KotlinTypeCheckerImpl
instanceKlass org/jetbrains/kotlin/load/java/typeEnhancement/SignatureEnhancement$PartEnhancementResult
instanceKlass org/jetbrains/kotlin/load/java/typeEnhancement/Result
instanceKlass org/jetbrains/kotlin/load/java/typeEnhancement/EnhancedTypeAnnotations
instanceKlass org/jetbrains/kotlin/load/java/typeEnhancement/TypeEnhancementKt
instanceKlass org/jetbrains/kotlin/load/java/typeEnhancement/SignatureEnhancementKt
instanceKlass org/jetbrains/kotlin/load/java/JvmAnnotationNamesKt
instanceKlass org/jetbrains/kotlin/com/intellij/util/IdempotenceChecker$$Lambda$135
instanceKlass org/jetbrains/kotlin/com/intellij/util/IdempotenceChecker
instanceKlass org/jetbrains/kotlin/load/java/structure/impl/JavaElementCollectionFromPsiArrayUtil
instanceKlass org/jetbrains/kotlin/com/intellij/psi/PsiClass$$Lambda$134
instanceKlass org/jetbrains/kotlin/com/intellij/lang/jvm/JvmTypeParameter
instanceKlass org/jetbrains/kotlin/name/FqNamesUtilKt$WhenMappings
instanceKlass org/jetbrains/kotlin/com/intellij/openapi/roots/ProjectRootModificationTracker
instanceKlass org/jetbrains/kotlin/com/intellij/openapi/application/BaseActionRunnable
instanceKlass org/jetbrains/kotlin/com/intellij/openapi/application/ReadActionProcessor$$Lambda$133
instanceKlass org/jetbrains/kotlin/com/intellij/openapi/application/ReadActionProcessor
instanceKlass org/jetbrains/kotlin/com/intellij/util/CollectionQuery
instanceKlass org/jetbrains/kotlin/com/intellij/util/containers/ImmutableList$Itr
instanceKlass org/jetbrains/kotlin/com/intellij/util/CommonProcessors$CollectProcessor
instanceKlass org/jetbrains/kotlin/com/intellij/util/Processors
instanceKlass org/jetbrains/kotlin/com/intellij/psi/impl/file/PsiPackageImpl$$Lambda$132
instanceKlass java/lang/invoke/LambdaForm$DMH
instanceKlass org/jetbrains/kotlin/com/intellij/psi/impl/file/PsiPackageImpl$PackageAnnotationValueProvider
instanceKlass org/jetbrains/kotlin/load/java/typeEnhancement/TypeAndDefaultQualifiers
instanceKlass org/jetbrains/kotlin/load/java/typeEnhancement/SignatureEnhancement$SignatureParts
instanceKlass org/jetbrains/kotlin/load/java/typeEnhancement/PredefinedFunctionEnhancementInfo
instanceKlass org/jetbrains/kotlin/load/java/typeEnhancement/TypeEnhancementInfo
